#
# A fatal error has been detected by the Java Runtime Environment:
#
#  EXCEPTION_ACCESS_VIOLATION (0xc0000005) at pc=0x00007ff8ec5e6b07, pid=1172, tid=8928
#
# JRE version: OpenJDK Runtime Environment Corretto-17.0.11.9.1 (17.0.11+9) (build 17.0.11+9-LTS)
# Java VM: OpenJDK 64-Bit Server VM Corretto-17.0.11.9.1 (17.0.11+9-LTS, mixed mode, sharing, tiered, compressed oops, compressed class ptrs, g1 gc, windows-amd64)
# Problematic frame:
# C  [glass.dll+0x26b07]
#
# No core dump will be written. Minidumps are not enabled by default on client versions of Windows
#
# If you would like to submit a bug report, please visit:
#   https://github.com/corretto/corretto-17/issues/
#

---------------  S U M M A R Y ------------

Command Line: -javaagent:C:\Program Files\JetBrains\IntelliJ IDEA Community Edition 2024.1\lib\idea_rt.jar=53443:C:\Program Files\JetBrains\IntelliJ IDEA Community Edition 2024.1\bin -Dfile.encoding=UTF-8 --module-path=C:\Users\ryanwallace\IdeaProjects\CAB302Java\target\classes;C:\Users\ryanwallace\.m2\repository\org\openjfx\javafx-graphics\17.0.6\javafx-graphics-17.0.6-win.jar;C:\Users\ryanwallace\.m2\repository\org\openjfx\javafx-base\17.0.6\javafx-base-17.0.6-win.jar;C:\Users\ryanwallace\.m2\repository\org\openjfx\javafx-controls\17.0.6\javafx-controls-17.0.6-win.jar;C:\Users\ryanwallace\.m2\repository\org\openjfx\javafx-fxml\17.0.6\javafx-fxml-17.0.6-win.jar -Djdk.module.main=com.example.cab302javaproject com.example.cab302javaproject/com.example.cab302javaproject.LifestyleCalendar

Host: Apple Silicon, 4 cores, 2G,  Windows 11 , 64 bit Build 22621 (10.0.22621.2506)
Time: Wed Apr 24 09:17:15 2024 E. Australia Standard Time elapsed time: 200.464672 seconds (0d 0h 3m 20s)

---------------  T H R E A D  ---------------

Current thread (0x000001eb399a1b60):  VMThread "VM Thread" [stack: 0x0000003811500000,0x0000003811600000] [id=8928]

Stack: [0x0000003811500000,0x0000003811600000],  sp=0x00000038115ff2f0,  free space=1020k
Native frames: (J=compiled Java code, j=interpreted, Vv=VM code, C=native code)
C  [glass.dll+0x26b07]


siginfo: EXCEPTION_ACCESS_VIOLATION (0xc0000005), reading address 0x0000000000000000


Registers:
RAX=0x0000000000000000, RBX=0x000001eb399b7c50, RCX=0x000001eb399a1b60, RDX=0x00000038115ff2f0
RSP=0x00000038115ff2f0, RBP=0x00000038115ff340, RSI=0x000001eb00f600b0, RDI=0x0000000000000001
R8 =0x0000000000010002, R9 =0x0000000000000000, R10=0x0000000000000000, R11=0x00000038115ff840
R12=0x000001eb00f600b8, R13=0x000001eb00f600b0, R14=0x00000038115ff400, R15=0x0000000000000000
RIP=0x00007ff8ec5e6b07, EFLAGS=0x0000000000000202


Register to memory mapping:

RIP=0x00007ff8ec5e6b07 glass.dll
RAX=0x0 is NULL
RBX=0x000001eb399b7c50 is a global jni handle
RCX=0x000001eb399a1b60 points into unknown readable memory: 0x00007ff89f39d948 | 48 d9 39 9f f8 7f 00 00
RDX=0x00000038115ff2f0 points into unknown readable memory: 0x0000000000000000 | 00 00 00 00 00 00 00 00
RSP=0x00000038115ff2f0 points into unknown readable memory: 0x0000000000000000 | 00 00 00 00 00 00 00 00
RBP=0x00000038115ff340 points into unknown readable memory: 0x00000038115ff350 | 50 f3 5f 11 38 00 00 00
RSI=0x000001eb00f600b0 points into unknown readable memory: 0x8000b558a61a77a0 | a0 77 1a a6 58 b5 00 80
RDI=0x0000000000000001 is an unknown value
R8 =0x0000000000010002 is an unknown value
R9 =0x0 is NULL
R10=0x0 is NULL
R11=0x00000038115ff840 points into unknown readable memory: 0x0000000000000000 | 00 00 00 00 00 00 00 00
R12=0x000001eb00f600b8 points into unknown readable memory: 0x0000baa7bb91b07d | 7d b0 91 bb a7 ba 00 00
R13=0x000001eb00f600b0 points into unknown readable memory: 0x8000b558a61a77a0 | a0 77 1a a6 58 b5 00 80
R14=0x00000038115ff400 points into unknown readable memory: 0x00000038115ff3f8 | f8 f3 5f 11 38 00 00 00
R15=0x0 is NULL


Top of Stack: (sp=0x00000038115ff2f0)
0x00000038115ff2f0:   0000000000000000 0000000000000000
0x00000038115ff300:   0000000000000000 0000000000000000
0x00000038115ff310:   000001eb00f600d8 00007ff905550c3c
0x00000038115ff320:   0000000000000001 000001eb00f600d8
0x00000038115ff330:   00000038115ff350 000001eb00f600d8
0x00000038115ff340:   00000038115ff350 00007ff9054c00b0
0x00000038115ff350:   00000038115ff3b0 00007ff9054a493c
0x00000038115ff360:   00007ff9097a8000 0000baa7bb91b07d
0x00000038115ff370:   fffffffffffffffe 00007ff9088aac78
0x00000038115ff380:   00000038115ff400 00000038115ff3f0
0x00000038115ff390:   00007ff8ec5c0000 0000000000000000
0x00000038115ff3a0:   0000000000000001 0000000000000000
0x00000038115ff3b0:   00000038115ff3e0 00007ff9054a48b8
0x00000038115ff3c0:   00000038115ff3f0 000000007ffe0384
0x00000038115ff3d0:   000000007ffe0385 000000007ffe0384
0x00000038115ff3e0:   00000038115ff410 00007ff90555069c
0x00000038115ff3f0:   0000000200000002 00007ff8ec5fa138
0x00000038115ff400:   00000038115ff3f8 fffffffffffffffe
0x00000038115ff410:   00000038115ff580 00007ff8ec5e4261
0x00000038115ff420:   0000000000000000 0000000000000000
0x00000038115ff430:   0000000000000000 0000000000000000
0x00000038115ff440:   0000000000000000 0000000000000000
0x00000038115ff450:   0000000000000000 0000000000000000
0x00000038115ff460:   0000000000000000 0000000000000000
0x00000038115ff470:   0000000000000000 0000000000000000
0x00000038115ff480:   0000000000000000 0000000000000000
0x00000038115ff490:   0000000000000000 0000000000000000
0x00000038115ff4a0:   0000000000000000 0000000000000000
0x00000038115ff4b0:   0000000000000000 0000000000000000
0x00000038115ff4c0:   0000000000000000 00007ff8fd5ead0c
0x00000038115ff4d0:   00000038115ff570 0000000000000000
0x00000038115ff4e0:   0000000000000000 0000000000000000 

Instructions: (pc=0x00007ff8ec5e6b07)
0x00007ff8ec5e6a07:   8b 4d 58 e8 01 cf ff ff 48 8b 4d 60 e8 f8 ce ff
0x00007ff8ec5e6a17:   ff 48 8b 95 80 00 00 00 48 8b 8d 18 01 00 00 e8
0x00007ff8ec5e6a27:   c6 c3 ff ff 33 d2 33 c9 e8 3c e1 ff ff 90 48 89
0x00007ff8ec5e6a37:   54 24 10 55 48 83 ec 20 48 8b ea 48 b8 00 00 00
0x00007ff8ec5e6a47:   00 00 00 00 00 48 83 c4 20 5d c3 cc 40 55 48 8b
0x00007ff8ec5e6a57:   ea 48 8b 01 33 c9 81 38 05 00 00 c0 0f 94 c1 8b
0x00007ff8ec5e6a67:   c1 5d c3 cc 40 55 48 83 ec 20 48 8b ea 8a 4d 40
0x00007ff8ec5e6a77:   48 83 c4 20 5d e9 f7 d2 ff ff cc 40 55 48 83 ec
0x00007ff8ec5e6a87:   20 48 8b ea 8a 4d 20 e8 e5 d2 ff ff 90 48 83 c4
0x00007ff8ec5e6a97:   20 5d c3 cc 40 55 48 83 ec 20 48 8b ea 48 83 c4
0x00007ff8ec5e6aa7:   20 5d e9 46 d1 ff ff cc 40 55 48 83 ec 30 48 8b
0x00007ff8ec5e6ab7:   ea 48 8b 01 8b 10 48 89 4c 24 28 89 54 24 20 4c
0x00007ff8ec5e6ac7:   8d 0d e7 d5 ff ff 4c 8b 45 70 8b 55 68 48 8b 4d
0x00007ff8ec5e6ad7:   60 e8 87 d0 ff ff 90 48 83 c4 30 5d c3 cc cc cc
0x00007ff8ec5e6ae7:   cc cc cc cc cc cc cc cc cc 40 53 48 83 ec 20 48
0x00007ff8ec5e6af7:   8b 1d 33 30 01 00 48 85 db 74 16 e8 09 8b ff ff
0x00007ff8ec5e6b07:   4c 8b 00 48 8b d3 48 8b c8 41 ff 90 b0 00 00 00
0x00007ff8ec5e6b17:   90 48 83 c4 20 5b c3 cc cc 40 53 48 83 ec 20 48
0x00007ff8ec5e6b27:   8b 1d ab 31 01 00 48 85 db 74 57 b8 ff ff ff ff
0x00007ff8ec5e6b37:   f0 0f c1 43 10 83 f8 01 75 3d 48 85 db 74 38 48
0x00007ff8ec5e6b47:   8b 0b 48 85 c9 74 0d ff 15 54 07 00 00 48 c7 03
0x00007ff8ec5e6b57:   00 00 00 00 48 8b 4b 08 48 85 c9 74 0d e8 a7 cd
0x00007ff8ec5e6b67:   ff ff 48 c7 43 08 00 00 00 00 ba 18 00 00 00 48
0x00007ff8ec5e6b77:   8b cb e8 92 cd ff ff 48 c7 05 4f 31 01 00 00 00
0x00007ff8ec5e6b87:   00 00 48 83 c4 20 5b c3 cc 40 53 48 83 ec 20 48
0x00007ff8ec5e6b97:   8b 1d 1b 31 01 00 48 85 db 74 57 b8 ff ff ff ff
0x00007ff8ec5e6ba7:   f0 0f c1 43 10 83 f8 01 75 3d 48 85 db 74 38 48
0x00007ff8ec5e6bb7:   8b 0b 48 85 c9 74 0d ff 15 e4 06 00 00 48 c7 03
0x00007ff8ec5e6bc7:   00 00 00 00 48 8b 4b 08 48 85 c9 74 0d e8 37 cd
0x00007ff8ec5e6bd7:   ff ff 48 c7 43 08 00 00 00 00 ba 18 00 00 00 48
0x00007ff8ec5e6be7:   8b cb e8 22 cd ff ff 48 c7 05 bf 30 01 00 00 00
0x00007ff8ec5e6bf7:   00 00 48 83 c4 20 5b c3 cc 40 53 48 83 ec 20 48 


Stack slot to memory mapping:
stack at sp + 0 slots: 0x0 is NULL
stack at sp + 1 slots: 0x0 is NULL
stack at sp + 2 slots: 0x0 is NULL
stack at sp + 3 slots: 0x0 is NULL
stack at sp + 4 slots: 0x000001eb00f600d8 points into unknown readable memory: 0x0000baa7bb91b07d | 7d b0 91 bb a7 ba 00 00
stack at sp + 5 slots: 0x00007ff905550c3c ucrtbase.dll
stack at sp + 6 slots: 0x0000000000000001 is an unknown value
stack at sp + 7 slots: 0x000001eb00f600d8 points into unknown readable memory: 0x0000baa7bb91b07d | 7d b0 91 bb a7 ba 00 00

VM_Operation (0x0000003810cfed70): Exit, mode: safepoint, requested by thread 0x000001eb01602a50


---------------  P R O C E S S  ---------------

Threads class SMR info:
_java_thread_list=0x000001eb01931a60, length=20, elements={
0x000001eb1ecc40d0, 0x000001eb399a5020, 0x000001eb399a63a0, 0x000001eb399bf550,
0x000001eb399c1f20, 0x000001eb399c28e0, 0x000001eb399cb5e0, 0x000001eb399d14f0,
0x000001eb39a15580, 0x000001eb004e0040, 0x000001eb00deb570, 0x000001eb00e705b0,
0x000001eb00e3f020, 0x000001eb01239060, 0x000001eb0124c5e0, 0x000001eb015ed1d0,
0x000001eb015e45f0, 0x000001eb01600bf0, 0x000001eb01601b20, 0x000001eb01602a50
}

Java Threads: ( => current thread )
  0x000001eb1ecc40d0 JavaThread "main" [_thread_blocked, id=3512, stack(0x0000003810f00000,0x0000003811000000)]
  0x000001eb399a5020 JavaThread "Reference Handler" daemon [_thread_blocked, id=2096, stack(0x0000003811600000,0x0000003811700000)]
  0x000001eb399a63a0 JavaThread "Finalizer" daemon [_thread_blocked, id=2588, stack(0x0000003811700000,0x0000003811800000)]
  0x000001eb399bf550 JavaThread "Attach Listener" daemon [_thread_blocked, id=8144, stack(0x0000003811900000,0x0000003811a00000)]
  0x000001eb399c1f20 JavaThread "Service Thread" daemon [_thread_blocked, id=2316, stack(0x0000003811a00000,0x0000003811b00000)]
  0x000001eb399c28e0 JavaThread "Monitor Deflation Thread" daemon [_thread_blocked, id=4148, stack(0x0000003811b00000,0x0000003811c00000)]
  0x000001eb399cb5e0 JavaThread "C2 CompilerThread0" daemon [_thread_blocked, id=6988, stack(0x0000003811c00000,0x0000003811d00000)]
  0x000001eb399d14f0 JavaThread "C1 CompilerThread0" daemon [_thread_blocked, id=732, stack(0x0000003811d00000,0x0000003811e00000)]
  0x000001eb39a15580 JavaThread "Sweeper thread" daemon [_thread_blocked, id=1776, stack(0x0000003811e00000,0x0000003811f00000)]
  0x000001eb004e0040 JavaThread "Common-Cleaner" daemon [_thread_blocked, id=4116, stack(0x0000003811f00000,0x0000003812000000)]
  0x000001eb00deb570 JavaThread "Monitor Ctrl-Break" daemon [_thread_in_native, id=8088, stack(0x0000003812000000,0x0000003812100000)]
  0x000001eb00e705b0 JavaThread "Notification Thread" daemon [_thread_blocked, id=7552, stack(0x0000003812100000,0x0000003812200000)]
  0x000001eb00e3f020 JavaThread "QuantumRenderer-0" daemon [_thread_blocked, id=8176, stack(0x0000003812300000,0x0000003812400000)]
  0x000001eb01239060 JavaThread "InvokeLaterDispatcher" daemon [_thread_blocked, id=8676, stack(0x0000003812700000,0x0000003812800000)]
  0x000001eb0124c5e0 JavaThread "JavaFX Application Thread" [_thread_in_native, id=7068, stack(0x0000003812800000,0x0000003812900000)]
  0x000001eb015ed1d0 JavaThread "Thread-1" daemon [_thread_in_native, id=8888, stack(0x0000003812900000,0x0000003812a00000)]
  0x000001eb015e45f0 JavaThread "JavaFX-Launcher" [_thread_blocked, id=7908, stack(0x0000003812a00000,0x0000003812b00000)]
  0x000001eb01600bf0 JavaThread "Prism Font Disposer" daemon [_thread_blocked, id=7592, stack(0x0000003812e00000,0x0000003812f00000)]
  0x000001eb01601b20 JavaThread "Cleaner-0" daemon [_thread_blocked, id=7172, stack(0x0000003812f00000,0x0000003813000000)]
  0x000001eb01602a50 JavaThread "SIGINT handler" daemon [_thread_blocked, id=4760, stack(0x0000003810c00000,0x0000003810d00000)]

Other Threads:
=>0x000001eb399a1b60 VMThread "VM Thread" [stack: 0x0000003811500000,0x0000003811600000] [id=8928]
  0x000001eb1ecf8670 GCTaskThread "GC Thread#0" [stack: 0x0000003811000000,0x0000003811100000] [id=7040]
  0x000001eb011acea0 GCTaskThread "GC Thread#1" [stack: 0x0000003812400000,0x0000003812500000] [id=9148]
  0x000001eb0136b7a0 GCTaskThread "GC Thread#2" [stack: 0x0000003812500000,0x0000003812600000] [id=7880]
  0x000001eb0136ba60 GCTaskThread "GC Thread#3" [stack: 0x0000003812600000,0x0000003812700000] [id=7824]
  0x000001eb1ecff5c0 ConcurrentGCThread "G1 Main Marker" terminated
  0x000001eb1ecfffe0 ConcurrentGCThread "G1 Conc#0" [stack: 0x0000003811200000,0x0000003811300000] [id=1372]
  0x000001eb1ed30b20 ConcurrentGCThread "G1 Refine#0" terminated
  0x000001eb1ed31550 ConcurrentGCThread "G1 Service" terminated

Threads with active compile tasks:

VM state: at safepoint (shutting down)

VM Mutex/Monitor currently owned by a thread:  ([mutex/lock_event])
[0x000001eb1ecc0080] Threads_lock - owner thread: 0x000001eb399a1b60
[0x000001eb1ecbf300] Heap_lock - owner thread: 0x000001eb01602a50

Heap address: 0x00000000d0000000, size: 768 MB, Compressed Oops mode: 32-bit

CDS archive(s) mapped at: [0x000001eb3a000000-0x000001eb3abb0000-0x000001eb3abb0000), size 12255232, SharedBaseAddress: 0x000001eb3a000000, ArchiveRelocationMode: 1.
Compressed class space mapped at: 0x000001eb3b000000-0x000001eb7b000000, reserved size: 1073741824
Narrow klass base: 0x000001eb3a000000, Narrow klass shift: 0, Narrow klass range: 0x100000000

GC Precious Log:
 CPUs: 4 total, 4 available
 Memory: 3066M
 Large Page Support: Disabled
 NUMA Support: Disabled
 Compressed Oops: Enabled (32-bit)
 Heap Region Size: 1M
 Heap Min Capacity: 8M
 Heap Initial Capacity: 48M
 Heap Max Capacity: 768M
 Pre-touch: Disabled
 Parallel Workers: 4
 Concurrent Workers: 1
 Concurrent Refinement Workers: 4
 Periodic GC: Disabled

Heap:
 garbage-first heap   total 49152K, used 18733K [0x00000000d0000000, 0x0000000100000000)
  region size 1024K, 14 young (14336K), 4 survivors (4096K)
 Metaspace       used 16213K, committed 16512K, reserved 1114112K
  class space    used 2240K, committed 2368K, reserved 1048576K

Heap Regions: E=young(eden), S=young(survivor), O=old, HS=humongous(starts), HC=humongous(continues), CS=collection set, F=free, OA=open archive, CA=closed archive, TAMS=top-at-mark-start (previous, next)
|   0|0x00000000d0000000, 0x00000000d0100000, 0x00000000d0100000|100%| O|  |TAMS 0x00000000d0000000, 0x00000000d0000000| Untracked 
|   1|0x00000000d0100000, 0x00000000d0200000, 0x00000000d0200000|100%| O|  |TAMS 0x00000000d0100000, 0x00000000d0100000| Untracked 
|   2|0x00000000d0200000, 0x00000000d0200000, 0x00000000d0300000|  0%| F|  |TAMS 0x00000000d0200000, 0x00000000d0200000| Untracked 
|   3|0x00000000d0300000, 0x00000000d0300000, 0x00000000d0400000|  0%| F|  |TAMS 0x00000000d0300000, 0x00000000d0300000| Untracked 
|   4|0x00000000d0400000, 0x00000000d0400000, 0x00000000d0500000|  0%| F|  |TAMS 0x00000000d0400000, 0x00000000d0400000| Untracked 
|   5|0x00000000d0500000, 0x00000000d0500000, 0x00000000d0600000|  0%| F|  |TAMS 0x00000000d0500000, 0x00000000d0500000| Untracked 
|   6|0x00000000d0600000, 0x00000000d0600000, 0x00000000d0700000|  0%| F|  |TAMS 0x00000000d0600000, 0x00000000d0600000| Untracked 
|   7|0x00000000d0700000, 0x00000000d0700000, 0x00000000d0800000|  0%| F|  |TAMS 0x00000000d0700000, 0x00000000d0700000| Untracked 
|   8|0x00000000d0800000, 0x00000000d0900000, 0x00000000d0900000|100%|HS|  |TAMS 0x00000000d0800000, 0x00000000d0800000| Complete 
|   9|0x00000000d0900000, 0x00000000d0a00000, 0x00000000d0a00000|100%|HC|  |TAMS 0x00000000d0900000, 0x00000000d0900000| Complete 
|  10|0x00000000d0a00000, 0x00000000d0b00000, 0x00000000d0b00000|100%| O|  |TAMS 0x00000000d0a00000, 0x00000000d0a00000| Untracked 
|  11|0x00000000d0b00000, 0x00000000d0bd6200, 0x00000000d0c00000| 83%| O|  |TAMS 0x00000000d0b00000, 0x00000000d0b00000| Untracked 
|  12|0x00000000d0c00000, 0x00000000d0c00000, 0x00000000d0d00000|  0%| F|  |TAMS 0x00000000d0c00000, 0x00000000d0c00000| Untracked 
|  13|0x00000000d0d00000, 0x00000000d0d00000, 0x00000000d0e00000|  0%| F|  |TAMS 0x00000000d0d00000, 0x00000000d0d00000| Untracked 
|  14|0x00000000d0e00000, 0x00000000d0e00000, 0x00000000d0f00000|  0%| F|  |TAMS 0x00000000d0e00000, 0x00000000d0e00000| Untracked 
|  15|0x00000000d0f00000, 0x00000000d0f00000, 0x00000000d1000000|  0%| F|  |TAMS 0x00000000d0f00000, 0x00000000d0f00000| Untracked 
|  16|0x00000000d1000000, 0x00000000d1075240, 0x00000000d1100000| 45%| S|CS|TAMS 0x00000000d1000000, 0x00000000d1000000| Complete 
|  17|0x00000000d1100000, 0x00000000d1200000, 0x00000000d1200000|100%| S|CS|TAMS 0x00000000d1100000, 0x00000000d1100000| Complete 
|  18|0x00000000d1200000, 0x00000000d1300000, 0x00000000d1300000|100%| S|CS|TAMS 0x00000000d1200000, 0x00000000d1200000| Complete 
|  19|0x00000000d1300000, 0x00000000d1400000, 0x00000000d1400000|100%| S|CS|TAMS 0x00000000d1300000, 0x00000000d1300000| Complete 
|  20|0x00000000d1400000, 0x00000000d1400000, 0x00000000d1500000|  0%| F|  |TAMS 0x00000000d1400000, 0x00000000d1400000| Untracked 
|  21|0x00000000d1500000, 0x00000000d1500000, 0x00000000d1600000|  0%| F|  |TAMS 0x00000000d1500000, 0x00000000d1500000| Untracked 
|  22|0x00000000d1600000, 0x00000000d1600000, 0x00000000d1700000|  0%| F|  |TAMS 0x00000000d1600000, 0x00000000d1600000| Untracked 
|  23|0x00000000d1700000, 0x00000000d1700000, 0x00000000d1800000|  0%| F|  |TAMS 0x00000000d1700000, 0x00000000d1700000| Untracked 
|  24|0x00000000d1800000, 0x00000000d1800000, 0x00000000d1900000|  0%| F|  |TAMS 0x00000000d1800000, 0x00000000d1800000| Untracked 
|  25|0x00000000d1900000, 0x00000000d1900000, 0x00000000d1a00000|  0%| F|  |TAMS 0x00000000d1900000, 0x00000000d1900000| Untracked 
|  26|0x00000000d1a00000, 0x00000000d1a00000, 0x00000000d1b00000|  0%| F|  |TAMS 0x00000000d1a00000, 0x00000000d1a00000| Untracked 
|  27|0x00000000d1b00000, 0x00000000d1b00000, 0x00000000d1c00000|  0%| F|  |TAMS 0x00000000d1b00000, 0x00000000d1b00000| Untracked 
|  28|0x00000000d1c00000, 0x00000000d1c00000, 0x00000000d1d00000|  0%| F|  |TAMS 0x00000000d1c00000, 0x00000000d1c00000| Untracked 
|  29|0x00000000d1d00000, 0x00000000d1d00000, 0x00000000d1e00000|  0%| F|  |TAMS 0x00000000d1d00000, 0x00000000d1d00000| Untracked 
|  30|0x00000000d1e00000, 0x00000000d1e00000, 0x00000000d1f00000|  0%| F|  |TAMS 0x00000000d1e00000, 0x00000000d1e00000| Untracked 
|  31|0x00000000d1f00000, 0x00000000d1f00000, 0x00000000d2000000|  0%| F|  |TAMS 0x00000000d1f00000, 0x00000000d1f00000| Untracked 
|  32|0x00000000d2000000, 0x00000000d2000000, 0x00000000d2100000|  0%| F|  |TAMS 0x00000000d2000000, 0x00000000d2000000| Untracked 
|  33|0x00000000d2100000, 0x00000000d2100000, 0x00000000d2200000|  0%| F|  |TAMS 0x00000000d2100000, 0x00000000d2100000| Untracked 
|  34|0x00000000d2200000, 0x00000000d2200000, 0x00000000d2300000|  0%| F|  |TAMS 0x00000000d2200000, 0x00000000d2200000| Untracked 
|  35|0x00000000d2300000, 0x00000000d2300000, 0x00000000d2400000|  0%| F|  |TAMS 0x00000000d2300000, 0x00000000d2300000| Untracked 
|  36|0x00000000d2400000, 0x00000000d2400000, 0x00000000d2500000|  0%| F|  |TAMS 0x00000000d2400000, 0x00000000d2400000| Untracked 
|  37|0x00000000d2500000, 0x00000000d2500000, 0x00000000d2600000|  0%| F|  |TAMS 0x00000000d2500000, 0x00000000d2500000| Untracked 
|  38|0x00000000d2600000, 0x00000000d263df58, 0x00000000d2700000| 24%| E|  |TAMS 0x00000000d2600000, 0x00000000d2600000| Complete 
|  39|0x00000000d2700000, 0x00000000d2800000, 0x00000000d2800000|100%| E|CS|TAMS 0x00000000d2700000, 0x00000000d2700000| Complete 
|  40|0x00000000d2800000, 0x00000000d2900000, 0x00000000d2900000|100%| E|CS|TAMS 0x00000000d2800000, 0x00000000d2800000| Complete 
|  41|0x00000000d2900000, 0x00000000d2a00000, 0x00000000d2a00000|100%| E|CS|TAMS 0x00000000d2900000, 0x00000000d2900000| Complete 
|  42|0x00000000d2a00000, 0x00000000d2b00000, 0x00000000d2b00000|100%| E|CS|TAMS 0x00000000d2a00000, 0x00000000d2a00000| Complete 
|  43|0x00000000d2b00000, 0x00000000d2c00000, 0x00000000d2c00000|100%| E|CS|TAMS 0x00000000d2b00000, 0x00000000d2b00000| Complete 
|  44|0x00000000d2c00000, 0x00000000d2d00000, 0x00000000d2d00000|100%| E|CS|TAMS 0x00000000d2c00000, 0x00000000d2c00000| Complete 
|  45|0x00000000d2d00000, 0x00000000d2e00000, 0x00000000d2e00000|100%| E|CS|TAMS 0x00000000d2d00000, 0x00000000d2d00000| Complete 
|  46|0x00000000d2e00000, 0x00000000d2f00000, 0x00000000d2f00000|100%| E|CS|TAMS 0x00000000d2e00000, 0x00000000d2e00000| Complete 
|  47|0x00000000d2f00000, 0x00000000d3000000, 0x00000000d3000000|100%| E|CS|TAMS 0x00000000d2f00000, 0x00000000d2f00000| Complete 

Card table byte_map: [0x000001eb35920000,0x000001eb35aa0000] _byte_map_base: 0x000001eb352a0000

Marking Bits (Prev, Next): (CMBitMap*) 0x000001eb1ecf8c90, (CMBitMap*) 0x000001eb1ecf8cd0
 Prev Bits: [0x000001eb35c20000, 0x000001eb36820000)
 Next Bits: [0x000001eb36820000, 0x000001eb37420000)

Polling page: 0x000001eb1e440000

Metaspace:

Usage:
  Non-class:     13.65 MB used.
      Class:      2.19 MB used.
       Both:     15.83 MB used.

Virtual space:
  Non-class space:       64.00 MB reserved,      13.81 MB ( 22%) committed,  1 nodes.
      Class space:        1.00 GB reserved,       2.31 MB ( <1%) committed,  1 nodes.
             Both:        1.06 GB reserved,      16.12 MB (  1%) committed. 

Chunk freelists:
   Non-Class:  1.84 MB
       Class:  13.64 MB
        Both:  15.48 MB

MaxMetaspaceSize: unlimited
CompressedClassSpaceSize: 1.00 GB
Initial GC threshold: 21.00 MB
Current GC threshold: 21.00 MB
CDS: on
MetaspaceReclaimPolicy: balanced
 - commit_granule_bytes: 65536.
 - commit_granule_words: 8192.
 - virtual_space_node_default_size: 8388608.
 - enlarge_chunks_in_place: 1.
 - new_chunks_are_fully_committed: 0.
 - uncommit_free_chunks: 1.
 - use_allocation_guard: 0.
 - handle_deallocations: 1.


Internal statistics:

num_allocs_failed_limit: 0.
num_arena_births: 218.
num_arena_deaths: 0.
num_vsnodes_births: 2.
num_vsnodes_deaths: 0.
num_space_committed: 258.
num_space_uncommitted: 0.
num_chunks_returned_to_freelist: 0.
num_chunks_taken_from_freelist: 739.
num_chunk_merges: 0.
num_chunk_splits: 520.
num_chunks_enlarged: 410.
num_inconsistent_stats: 0.

CodeHeap 'non-profiled nmethods': size=120000Kb used=1325Kb max_used=1325Kb free=118674Kb
 bounds [0x000001eb2e270000, 0x000001eb2e4e0000, 0x000001eb357a0000]
CodeHeap 'profiled nmethods': size=120000Kb used=7218Kb max_used=7218Kb free=112782Kb
 bounds [0x000001eb267a0000, 0x000001eb26eb0000, 0x000001eb2dcd0000]
CodeHeap 'non-nmethods': size=5760Kb used=1427Kb max_used=1460Kb free=4332Kb
 bounds [0x000001eb2dcd0000, 0x000001eb2df40000, 0x000001eb2e270000]
 total_blobs=4312 nmethods=3521 adapters=704
 compilation: enabled
              stopped_count=0, restarted_count=0
 full_count=0

Compilation events (20 events):
Event: 29.803 Thread 0x000001eb399d14f0 3513       3       javafx.scene.Node::getViewOrder (19 bytes)
Event: 29.806 Thread 0x000001eb399d14f0 nmethod 3513 0x000001eb26ea9610 code [0x000001eb26ea97e0, 0x000001eb26ea9c88]
Event: 29.838 Thread 0x000001eb399d14f0 3514       3       com.sun.javafx.collections.VetoableListDecorator$VetoableIteratorDecorator::next (31 bytes)
Event: 29.840 Thread 0x000001eb399d14f0 nmethod 3514 0x000001eb26ea9e10 code [0x000001eb26ea9fe0, 0x000001eb26eaa3f8]
Event: 29.992 Thread 0x000001eb399d14f0 3515       3       com.sun.javafx.scene.layout.RegionHelper::pickNodeLocalImpl (12 bytes)
Event: 29.993 Thread 0x000001eb399d14f0 nmethod 3515 0x000001eb26eaa610 code [0x000001eb26eaa7c0, 0x000001eb26eaaaa8]
Event: 85.747 Thread 0x000001eb399cb5e0 3516       4       com.sun.javafx.tk.quantum.QuantumToolkit::postPulse (133 bytes)
Event: 85.777 Thread 0x000001eb399cb5e0 nmethod 3516 0x000001eb2e3b9d90 code [0x000001eb2e3b9f80, 0x000001eb2e3ba560]
Event: 87.521 Thread 0x000001eb399cb5e0 3517       4       com.sun.javafx.tk.quantum.QuantumToolkit$$Lambda$83/0x000001eb3b037050::run (8 bytes)
Event: 87.541 Thread 0x000001eb399cb5e0 nmethod 3517 0x000001eb2e3baa10 code [0x000001eb2e3bac00, 0x000001eb2e3bb250]
Event: 149.911 Thread 0x000001eb399d14f0 3518       3       com.sun.javafx.collections.VetoableListDecorator::iterator (27 bytes)
Event: 149.916 Thread 0x000001eb399d14f0 nmethod 3518 0x000001eb26eaac10 code [0x000001eb26eaade0, 0x000001eb26eab1f8]
Event: 149.916 Thread 0x000001eb399d14f0 3519       3       com.sun.javafx.collections.VetoableListDecorator$ModCountAccessorImpl::<init> (10 bytes)
Event: 149.917 Thread 0x000001eb399d14f0 nmethod 3519 0x000001eb26eab390 code [0x000001eb26eab520, 0x000001eb26eab6f8]
Event: 149.917 Thread 0x000001eb399d14f0 3520       3       com.sun.javafx.collections.VetoableListDecorator$VetoableIteratorDecorator::<init> (36 bytes)
Event: 149.917 Thread 0x000001eb399d14f0 nmethod 3520 0x000001eb26eab810 code [0x000001eb26eab9c0, 0x000001eb26eabcf8]
Event: 150.138 Thread 0x000001eb399d14f0 3521       3       java.util.ArrayDeque::remove (5 bytes)
Event: 150.139 Thread 0x000001eb399d14f0 nmethod 3521 0x000001eb26eabe90 code [0x000001eb26eac060, 0x000001eb26eac318]
Event: 150.397 Thread 0x000001eb399d14f0 3522       3       javafx.scene.Node$FocusedProperty::get (10 bytes)
Event: 150.398 Thread 0x000001eb399d14f0 nmethod 3522 0x000001eb26eac490 code [0x000001eb26eac620, 0x000001eb26eac738]

GC Heap History (6 events):
Event: 1.265 GC heap before
{Heap before GC invocations=0 (full 0):
 garbage-first heap   total 49152K, used 13312K [0x00000000d0000000, 0x0000000100000000)
  region size 1024K, 13 young (13312K), 0 survivors (0K)
 Metaspace       used 2912K, committed 3072K, reserved 1114112K
  class space    used 307K, committed 384K, reserved 1048576K
}
Event: 1.272 GC heap after
{Heap after GC invocations=1 (full 0):
 garbage-first heap   total 49152K, used 1808K [0x00000000d0000000, 0x0000000100000000)
  region size 1024K, 2 young (2048K), 2 survivors (2048K)
 Metaspace       used 2912K, committed 3072K, reserved 1114112K
  class space    used 307K, committed 384K, reserved 1048576K
}
Event: 1.894 GC heap before
{Heap before GC invocations=1 (full 0):
 garbage-first heap   total 49152K, used 18192K [0x00000000d0000000, 0x0000000100000000)
  region size 1024K, 19 young (19456K), 2 survivors (2048K)
 Metaspace       used 7922K, committed 8064K, reserved 1114112K
  class space    used 1019K, committed 1088K, reserved 1048576K
}
Event: 1.903 GC heap after
{Heap after GC invocations=2 (full 0):
 garbage-first heap   total 49152K, used 3973K [0x00000000d0000000, 0x0000000100000000)
  region size 1024K, 3 young (3072K), 3 survivors (3072K)
 Metaspace       used 7922K, committed 8064K, reserved 1114112K
  class space    used 1019K, committed 1088K, reserved 1048576K
}
Event: 9.432 GC heap before
{Heap before GC invocations=2 (full 0):
 garbage-first heap   total 49152K, used 36741K [0x00000000d0000000, 0x0000000100000000)
  region size 1024K, 28 young (28672K), 3 survivors (3072K)
 Metaspace       used 14821K, committed 15104K, reserved 1114112K
  class space    used 2130K, committed 2240K, reserved 1048576K
}
Event: 9.449 GC heap after
{Heap after GC invocations=3 (full 0):
 garbage-first heap   total 49152K, used 9517K [0x00000000d0000000, 0x0000000100000000)
  region size 1024K, 4 young (4096K), 4 survivors (4096K)
 Metaspace       used 14821K, committed 15104K, reserved 1114112K
  class space    used 2130K, committed 2240K, reserved 1048576K
}

Dll operation events (20 events):
Event: 1.084 Loaded shared library C:\Users\ryanwallace\.openjfx\cache\17.0.6\api-ms-win-crt-locale-l1-1-0.dll
Event: 1.087 Loaded shared library C:\Users\ryanwallace\.openjfx\cache\17.0.6\api-ms-win-crt-math-l1-1-0.dll
Event: 1.090 Loaded shared library C:\Users\ryanwallace\.openjfx\cache\17.0.6\api-ms-win-crt-multibyte-l1-1-0.dll
Event: 1.096 Loaded shared library C:\Users\ryanwallace\.openjfx\cache\17.0.6\api-ms-win-crt-private-l1-1-0.dll
Event: 1.099 Loaded shared library C:\Users\ryanwallace\.openjfx\cache\17.0.6\api-ms-win-crt-process-l1-1-0.dll
Event: 1.102 Loaded shared library C:\Users\ryanwallace\.openjfx\cache\17.0.6\api-ms-win-crt-runtime-l1-1-0.dll
Event: 1.105 Loaded shared library C:\Users\ryanwallace\.openjfx\cache\17.0.6\api-ms-win-crt-stdio-l1-1-0.dll
Event: 1.108 Loaded shared library C:\Users\ryanwallace\.openjfx\cache\17.0.6\api-ms-win-crt-string-l1-1-0.dll
Event: 1.111 Loaded shared library C:\Users\ryanwallace\.openjfx\cache\17.0.6\api-ms-win-crt-time-l1-1-0.dll
Event: 1.115 Loaded shared library C:\Users\ryanwallace\.openjfx\cache\17.0.6\api-ms-win-crt-utility-l1-1-0.dll
Event: 1.168 Loaded shared library C:\Users\ryanwallace\.openjfx\cache\17.0.6\ucrtbase.dll
Event: 1.175 Loaded shared library C:\Users\ryanwallace\.openjfx\cache\17.0.6\vcruntime140.dll
Event: 1.180 Loaded shared library C:\Users\ryanwallace\.openjfx\cache\17.0.6\vcruntime140_1.dll
Event: 1.193 Loaded shared library C:\Users\ryanwallace\.openjfx\cache\17.0.6\msvcp140.dll
Event: 1.197 Loaded shared library C:\Users\ryanwallace\.openjfx\cache\17.0.6\msvcp140_1.dll
Event: 1.206 Loaded shared library C:\Users\ryanwallace\.openjfx\cache\17.0.6\msvcp140_2.dll
Event: 1.304 Loaded shared library C:\Users\ryanwallace\.openjfx\cache\17.0.6\prism_d3d.dll
Event: 1.378 Loaded shared library C:\Users\ryanwallace\.openjfx\cache\17.0.6\glass.dll
Event: 1.458 Loaded shared library C:\Users\ryanwallace\.jdks\corretto-17.0.11\bin\jimage.dll
Event: 1.737 Loaded shared library C:\Users\ryanwallace\.openjfx\cache\17.0.6\javafx_font.dll

Deoptimization events (20 events):
Event: 20.238 Thread 0x000001eb0124c5e0 Uncommon trap: trap_request=0xffffffd6 fr.pc=0x000001eb2e393b1c relative=0x0000000000000abc
Event: 20.238 Thread 0x000001eb0124c5e0 Uncommon trap: reason=array_check action=maybe_recompile pc=0x000001eb2e393b1c method=javafx.css.SimpleSelector.applies(Ljavafx/css/Styleable;[Ljava/util/Set;I)Z @ 37 c2
Event: 20.238 Thread 0x000001eb0124c5e0 DEOPT PACKING pc=0x000001eb2e393b1c sp=0x00000038128fca70
Event: 20.238 Thread 0x000001eb0124c5e0 DEOPT UNPACKING pc=0x000001eb2dd2699d sp=0x00000038128fca48 mode 2
Event: 21.222 Thread 0x000001eb00e3f020 Uncommon trap: trap_request=0xffffff45 fr.pc=0x000001eb2e334698 relative=0x0000000000000098
Event: 21.222 Thread 0x000001eb00e3f020 Uncommon trap: reason=unstable_if action=reinterpret pc=0x000001eb2e334698 method=com.sun.marlin.FloatMath.ceil_int(D)I @ 7 c2
Event: 21.222 Thread 0x000001eb00e3f020 DEOPT PACKING pc=0x000001eb2e334698 sp=0x00000038123fde20
Event: 21.222 Thread 0x000001eb00e3f020 DEOPT UNPACKING pc=0x000001eb2dd2699d sp=0x00000038123fdda8 mode 2
Event: 22.463 Thread 0x000001eb00e3f020 Uncommon trap: trap_request=0xffffff45 fr.pc=0x000001eb2e38420c relative=0x000000000000008c
Event: 22.463 Thread 0x000001eb00e3f020 Uncommon trap: reason=unstable_if action=reinterpret pc=0x000001eb2e38420c method=java.lang.Math.round(F)I @ 36 c2
Event: 22.463 Thread 0x000001eb00e3f020 DEOPT PACKING pc=0x000001eb2e38420c sp=0x00000038123fd710
Event: 22.463 Thread 0x000001eb00e3f020 DEOPT UNPACKING pc=0x000001eb2dd2699d sp=0x00000038123fd688 mode 2
Event: 23.371 Thread 0x000001eb0124c5e0 Uncommon trap: trap_request=0xffffffde fr.pc=0x000001eb2e33f270 relative=0x0000000000001370
Event: 23.371 Thread 0x000001eb0124c5e0 Uncommon trap: reason=class_check action=maybe_recompile pc=0x000001eb2e33f270 method=com.sun.javafx.css.StyleMap.getCascadingStyles()Ljava/util/Map; @ 77 c2
Event: 23.371 Thread 0x000001eb0124c5e0 DEOPT PACKING pc=0x000001eb2e33f270 sp=0x00000038128f82e0
Event: 23.371 Thread 0x000001eb0124c5e0 DEOPT UNPACKING pc=0x000001eb2dd2699d sp=0x00000038128f8290 mode 2
Event: 23.413 Thread 0x000001eb0124c5e0 Uncommon trap: trap_request=0xffffff45 fr.pc=0x000001eb2e38b8e0 relative=0x0000000000000b80
Event: 23.413 Thread 0x000001eb0124c5e0 Uncommon trap: reason=unstable_if action=reinterpret pc=0x000001eb2e38b8e0 method=javafx.scene.Parent.getOrderedChildren()Ljava/util/List; @ 7 c2
Event: 23.413 Thread 0x000001eb0124c5e0 DEOPT PACKING pc=0x000001eb2e38b8e0 sp=0x00000038128f7ac0
Event: 23.414 Thread 0x000001eb0124c5e0 DEOPT UNPACKING pc=0x000001eb2dd2699d sp=0x00000038128f77e0 mode 2

Classes unloaded (0 events):
No events

Classes redefined (0 events):
No events

Internal exceptions (20 events):
Event: 3.797 Thread 0x000001eb0124c5e0 Exception <a 'java/lang/NoSuchMethodError'{0x00000000d1f39e08}: 'java.lang.Object java.lang.invoke.Invokers$Holder.linkToTargetMethod(java.lang.Object, long, java.lang.Object)'> (0x00000000d1f39e08) 
thrown [s\src\hotspot\share\interpreter\linkResolver.cpp, line 759]
Event: 3.814 Thread 0x000001eb0124c5e0 Exception <a 'java/lang/NoSuchMethodError'{0x00000000d1f4c7b8}: 'java.lang.Object java.lang.invoke.DirectMethodHandle$Holder.newInvokeSpecial(java.lang.Object, java.lang.Object, int, int, int, int, int, java.lang.Object)'> (0x00000000d1f4c7b8) 
thrown [s\src\hotspot\share\interpreter\linkResolver.cpp, line 759]
Event: 3.819 Thread 0x000001eb0124c5e0 Exception <a 'java/lang/NoSuchMethodError'{0x00000000d1f5f798}: 'java.lang.Object java.lang.invoke.DirectMethodHandle$Holder.newInvokeSpecial(java.lang.Object, java.lang.Object, java.lang.Object, int, int, int, int, int)'> (0x00000000d1f5f798) 
thrown [s\src\hotspot\share\interpreter\linkResolver.cpp, line 759]
Event: 3.821 Thread 0x000001eb0124c5e0 Exception <a 'java/lang/NoSuchMethodError'{0x00000000d1f66ff8}: 'java.lang.Object java.lang.invoke.Invokers$Holder.linkToTargetMethod(java.lang.Object, java.lang.Object, int, int, int, int, int, java.lang.Object)'> (0x00000000d1f66ff8) 
thrown [s\src\hotspot\share\interpreter\linkResolver.cpp, line 759]
Event: 4.013 Thread 0x000001eb0124c5e0 Exception <a 'java/lang/ClassNotFoundException'{0x00000000d1de9330}: com/sun/javafx/scene/control/skin/resources/controls> (0x00000000d1de9330) 
thrown [s\src\hotspot\share\prims\jni.cpp, line 535]
Event: 4.017 Thread 0x000001eb0124c5e0 Exception <a 'java/lang/ClassNotFoundException'{0x00000000d1df72b8}: com/sun/javafx/scene/control/skin/resources/controls_en> (0x00000000d1df72b8) 
thrown [s\src\hotspot\share\prims\jni.cpp, line 535]
Event: 4.017 Thread 0x000001eb0124c5e0 Exception <a 'java/lang/ClassNotFoundException'{0x00000000d1df8238}: com/sun/javafx/scene/control/skin/resources/controls_en_US> (0x00000000d1df8238) 
thrown [s\src\hotspot\share\prims\jni.cpp, line 535]
Event: 4.091 Thread 0x000001eb0124c5e0 Exception <a 'java/lang/NoSuchMethodError'{0x00000000d1869af8}: 'void java.lang.invoke.DirectMethodHandle$Holder.invokeSpecial(java.lang.Object, java.lang.Object, java.lang.Object, java.lang.Object, java.lang.Object, java.lang.Object)'> (0x00000000d1869af8) 
thrown [s\src\hotspot\share\interpreter\linkResolver.cpp, line 759]
Event: 9.327 Thread 0x000001eb0124c5e0 Exception <a 'java/lang/NoSuchMethodError'{0x00000000d148d320}: 'java.lang.Object java.lang.invoke.DirectMethodHandle$Holder.invokeStaticInit(java.lang.Object, int, int, int, int)'> (0x00000000d148d320) 
thrown [s\src\hotspot\share\interpreter\linkResolver.cpp, line 759]
Event: 9.358 Thread 0x000001eb0124c5e0 Exception <a 'java/lang/NoSuchMethodError'{0x00000000d14a10d8}: 'java.lang.Object java.lang.invoke.DirectMethodHandle$Holder.invokeStaticInit(java.lang.Object, java.lang.Object, int, int, int, int)'> (0x00000000d14a10d8) 
thrown [s\src\hotspot\share\interpreter\linkResolver.cpp, line 759]
Event: 9.363 Thread 0x000001eb0124c5e0 Exception <a 'java/lang/NoSuchMethodError'{0x00000000d14b5f88}: 'java.lang.Object java.lang.invoke.DirectMethodHandle$Holder.newInvokeSpecial(java.lang.Object, java.lang.Object, java.lang.Object, java.lang.Object, java.lang.Object, java.lang.Object, java.lang.Object, java.lang.Object, java.lang.Object)'> (0x00000000d14b5f88) 
thrown [s\src\hotspot\share\interpreter\linkResolver.cpp, line 759]
Event: 9.364 Thread 0x000001eb0124c5e0 Exception <a 'java/lang/NoSuchMethodError'{0x00000000d14bb3e8}: 'java.lang.Object java.lang.invoke.DirectMethodHandle$Holder.invokeSpecial(java.lang.Object, java.lang.Object, java.lang.Object, java.lang.Object, java.lang.Object, java.lang.Object, java.lang.Object, java.lang.Object, java.lang.Object, java.lang.Object)'> (0x00000000d14bb3e8) 
thrown [s\src\hotspot\share\interpreter\linkResolver.cpp, line 759]
Event: 9.365 Thread 0x000001eb0124c5e0 Exception <a 'java/lang/NoSuchMethodError'{0x00000000d14bff78}: 'java.lang.Object java.lang.invoke.Invokers$Holder.linkToTargetMethod(java.lang.Object, java.lang.Object, java.lang.Object, java.lang.Object, java.lang.Object, java.lang.Object, java.lang.Object, java.lang.Object, java.lang.Object)'> (0x00000000d14bff78) 
thrown [s\src\hotspot\share\interpreter\linkResolver.cpp, line 759]
Event: 14.690 Thread 0x000001eb0124c5e0 Implicit null exception at 0x000001eb2e35aafc to 0x000001eb2e35ab6c
Event: 20.231 Thread 0x000001eb0124c5e0 Exception <a 'java/lang/NoSuchMethodError'{0x00000000d29ddba8}: 'java.lang.Object java.lang.invoke.DirectMethodHandle$Holder.newInvokeSpecial(java.lang.Object, java.lang.Object, java.lang.Object, java.lang.Object, java.lang.Object, java.lang.Object, java.lang.Object, java.lang.Object)'> (0x00000000d29ddba8) 
thrown [s\src\hotspot\share\interpreter\linkResolver.cpp, line 759]
Event: 20.232 Thread 0x000001eb0124c5e0 Exception <a 'java/lang/NoSuchMethodError'{0x00000000d29e2970}: 'java.lang.Object java.lang.invoke.DirectMethodHandle$Holder.invokeSpecial(java.lang.Object, java.lang.Object, java.lang.Object, java.lang.Object, java.lang.Object, java.lang.Object, java.lang.Object, java.lang.Object, java.lang.Object)'> (0x00000000d29e2970) 
thrown [s\src\hotspot\share\interpreter\linkResolver.cpp, line 759]
Event: 20.233 Thread 0x000001eb0124c5e0 Exception <a 'java/lang/NoSuchMethodError'{0x00000000d29e7528}: 'java.lang.Object java.lang.invoke.Invokers$Holder.linkToTargetMethod(java.lang.Object, java.lang.Object, java.lang.Object, java.lang.Object, java.lang.Object, java.lang.Object, java.lang.Object, java.lang.Object)'> (0x00000000d29e7528) 
thrown [s\src\hotspot\share\interpreter\linkResolver.cpp, line 759]
Event: 21.153 Thread 0x000001eb0124c5e0 Exception <a 'java/lang/NoSuchMethodError'{0x00000000d2837368}: 'java.lang.Object java.lang.invoke.DirectMethodHandle$Holder.newInvokeSpecial(java.lang.Object, java.lang.Object, java.lang.Object, java.lang.Object, java.lang.Object, java.lang.Object, java.lang.Object, java.lang.Object, java.lang.Object, java.lang.Object)'> (0x00000000d2837368) 
thrown [s\src\hotspot\share\interpreter\linkResolver.cpp, line 759]
Event: 21.154 Thread 0x000001eb0124c5e0 Exception <a 'java/lang/NoSuchMethodError'{0x00000000d283c058}: 'java.lang.Object java.lang.invoke.DirectMethodHandle$Holder.invokeSpecial(java.lang.Object, java.lang.Object, java.lang.Object, java.lang.Object, java.lang.Object, java.lang.Object, java.lang.Object, java.lang.Object, java.lang.Object, java.lang.Object, java.lang.Object)'> (0x00000000d283c058) 
thrown [s\src\hotspot\share\interpreter\linkResolver.cpp, line 759]
Event: 21.155 Thread 0x000001eb0124c5e0 Exception <a 'java/lang/NoSuchMethodError'{0x00000000d28716a8}: 'java.lang.Object java.lang.invoke.Invokers$Holder.linkToTargetMethod(java.lang.Object, java.lang.Object, java.lang.Object, java.lang.Object, java.lang.Object, java.lang.Object, java.lang.Object, java.lang.Object, java.lang.Object, java.lang.Object)'> (0x00000000d28716a8) 
thrown [s\src\hotspot\share\interpreter\linkResolver.cpp, line 759]

VM Operations (20 events):
Event: 17.363 Executing VM operation: Cleanup done
Event: 18.363 Executing VM operation: Cleanup
Event: 18.363 Executing VM operation: Cleanup done
Event: 19.364 Executing VM operation: Cleanup
Event: 19.364 Executing VM operation: Cleanup done
Event: 20.365 Executing VM operation: Cleanup
Event: 20.365 Executing VM operation: Cleanup done
Event: 21.365 Executing VM operation: Cleanup
Event: 21.365 Executing VM operation: Cleanup done
Event: 23.367 Executing VM operation: Cleanup
Event: 23.367 Executing VM operation: Cleanup done
Event: 25.368 Executing VM operation: Cleanup
Event: 25.369 Executing VM operation: Cleanup done
Event: 30.378 Executing VM operation: Cleanup
Event: 30.378 Executing VM operation: Cleanup done
Event: 48.604 Executing VM operation: Cleanup
Event: 48.605 Executing VM operation: Cleanup done
Event: 60.193 Executing VM operation: HandshakeAllThreads
Event: 60.194 Executing VM operation: HandshakeAllThreads done
Event: 199.509 Executing VM operation: Exit

Events (20 events):
Event: 12.119 loading class java/io/ObjectOutputStream$HandleTable
Event: 12.119 loading class java/io/ObjectOutputStream$HandleTable done
Event: 12.119 loading class java/io/ObjectOutputStream$ReplaceTable
Event: 12.119 loading class java/io/ObjectOutputStream$ReplaceTable done
Event: 12.122 loading class java/nio/charset/CharacterCodingException
Event: 12.122 loading class java/nio/charset/CharacterCodingException done
Event: 12.126 loading class java/io/FileOutputStream$1
Event: 12.126 loading class java/io/FileOutputStream$1 done
Event: 15.222 loading class java/text/StringCharacterIterator
Event: 15.223 loading class java/text/StringCharacterIterator done
Event: 15.910 loading class java/util/regex/Pattern$SliceI
Event: 15.910 loading class java/util/regex/Pattern$SliceI done
Event: 199.479 loading class jdk/internal/misc/Signal$1
Event: 199.480 loading class jdk/internal/misc/Signal$1 done
Event: 199.482 Thread 0x000001eb01602a50 Thread added: 0x000001eb01602a50
Event: 199.484 Thread 0x000001eb01603e90 Thread added: 0x000001eb01603e90
Event: 199.485 Thread 0x000001eb01602f60 Thread added: 0x000001eb01602f60
Event: 199.487 Thread 0x000001eb01602f60 Thread exited: 0x000001eb01602f60
Event: 199.504 Thread 0x000001eb01603e90 Thread exited: 0x000001eb01603e90
Event: 199.508 Thread 0x000001eb399be990 Thread exited: 0x000001eb399be990


Dynamic libraries:
0x00007ff612940000 - 0x00007ff61294e000 	C:\Users\ryanwallace\.jdks\corretto-17.0.11\bin\java.exe
0x00007ff909a00000 - 0x00007ff909e04000 	C:\Windows\SYSTEM32\ntdll.dll
0x00007ff906b40000 - 0x00007ff906c3e000 	C:\Windows\System32\xtajit64.dll
0x00007ff909000000 - 0x00007ff909163000 	C:\Windows\System32\KERNEL32.DLL
0x00007ff905780000 - 0x00007ff905dc1000 	C:\Windows\System32\KERNELBASE.dll
0x00007ff9049b0000 - 0x00007ff904aa6000 	C:\Windows\SYSTEM32\apphelp.dll
0x00007ff9053e0000 - 0x00007ff9055d1000 	C:\Windows\System32\ucrtbase.dll
0x00007ff8fbfd0000 - 0x00007ff8fbfe7000 	C:\Users\ryanwallace\.jdks\corretto-17.0.11\bin\jli.dll
0x00007ff8fba80000 - 0x00007ff8fba9b000 	C:\Users\ryanwallace\.jdks\corretto-17.0.11\bin\VCRUNTIME140.dll
0x00007ff9092c0000 - 0x00007ff909522000 	C:\Windows\System32\USER32.dll
0x00007ff9055e0000 - 0x00007ff90563c000 	C:\Windows\System32\win32u.dll
0x00007ff8eefb0000 - 0x00007ff8ef42a000 	C:\Windows\WinSxS\arm64_microsoft.windows.common-controls_6595b64144ccf1df_6.0.22621.2506_none_270c5a477388e244\COMCTL32.dll
0x00007ff9097c0000 - 0x00007ff90981c000 	C:\Windows\System32\GDI32.dll
0x00007ff908810000 - 0x00007ff908954000 	C:\Windows\System32\msvcrt.dll
0x00007ff904fd0000 - 0x00007ff9051bd000 	C:\Windows\System32\gdi32full.dll
0x00007ff9051c0000 - 0x00007ff905303000 	C:\Windows\System32\msvcp_win.dll
0x00007ff908680000 - 0x00007ff9086d2000 	C:\Windows\System32\IMM32.DLL
0x00007ff8ffac0000 - 0x00007ff8ffacc000 	C:\Users\ryanwallace\.jdks\corretto-17.0.11\bin\vcruntime140_1.dll
0x00007ff8f7d20000 - 0x00007ff8f7dad000 	C:\Users\ryanwallace\.jdks\corretto-17.0.11\bin\msvcp140.dll
0x00007ff89e9b0000 - 0x00007ff89f612000 	C:\Users\ryanwallace\.jdks\corretto-17.0.11\bin\server\jvm.dll
0x00007ff909180000 - 0x00007ff9092ba000 	C:\Windows\System32\ADVAPI32.dll
0x00007ff906a10000 - 0x00007ff906b37000 	C:\Windows\System32\sechost.dll
0x00007ff9067f0000 - 0x00007ff906a10000 	C:\Windows\System32\RPCRT4.dll
0x00007ff904bb0000 - 0x00007ff904c1b000 	C:\Windows\SYSTEM32\POWRPROF.dll
0x00007ff8ec6e0000 - 0x00007ff8ec6f2000 	C:\Windows\SYSTEM32\WSOCK32.dll
0x00007ff8fa6d0000 - 0x00007ff8fa72e000 	C:\Windows\SYSTEM32\WINMM.dll
0x00007ff907d40000 - 0x00007ff907e04000 	C:\Windows\System32\WS2_32.dll
0x00007ff8f2e80000 - 0x00007ff8f2e95000 	C:\Windows\SYSTEM32\VERSION.dll
0x00007ff904b80000 - 0x00007ff904ba2000 	C:\Windows\SYSTEM32\UMPDC.dll
0x00007ff903190000 - 0x00007ff9031bd000 	C:\Windows\SYSTEM32\kernel.appcore.dll
0x00007ff8fba70000 - 0x00007ff8fba7a000 	C:\Users\ryanwallace\.jdks\corretto-17.0.11\bin\jimage.dll
0x00007ff8f86f0000 - 0x00007ff8f8b0e000 	C:\Windows\SYSTEM32\DBGHELP.DLL
0x00007ff908960000 - 0x00007ff908fff000 	C:\Windows\System32\combase.dll
0x00007ff906540000 - 0x00007ff9066e1000 	C:\Windows\System32\OLEAUT32.dll
0x00007ff8f8060000 - 0x00007ff8f80bc000 	C:\Windows\SYSTEM32\dbgcore.DLL
0x00007ff905310000 - 0x00007ff9053da000 	C:\Windows\System32\bcryptPrimitives.dll
0x00007ff8face0000 - 0x00007ff8facee000 	C:\Users\ryanwallace\.jdks\corretto-17.0.11\bin\instrument.dll
0x00007ff8f7cf0000 - 0x00007ff8f7d15000 	C:\Users\ryanwallace\.jdks\corretto-17.0.11\bin\java.dll
0x00007ff8e9ec0000 - 0x00007ff8e9f97000 	C:\Users\ryanwallace\.jdks\corretto-17.0.11\bin\jsvml.dll
0x00007ff906c40000 - 0x00007ff907cfa000 	C:\Windows\System32\SHELL32.dll
0x00007ff9010b0000 - 0x00007ff902421000 	C:\Windows\SYSTEM32\windows.storage.dll
0x00007ff900e30000 - 0x00007ff9010a3000 	C:\Windows\SYSTEM32\wintypes.dll
0x00007ff906340000 - 0x00007ff906533000 	C:\Windows\System32\SHCORE.dll
0x00007ff9098b0000 - 0x00007ff909957000 	C:\Windows\System32\shlwapi.dll
0x00007ff904ed0000 - 0x00007ff904f14000 	C:\Windows\SYSTEM32\profapi.dll
0x00007ff8f84f0000 - 0x00007ff8f8509000 	C:\Users\ryanwallace\.jdks\corretto-17.0.11\bin\net.dll
0x00007ff8fbb10000 - 0x00007ff8fbd1f000 	C:\Windows\SYSTEM32\WINHTTP.dll
0x00007ff903880000 - 0x00007ff903943000 	C:\Windows\system32\mswsock.dll
0x00007ff8f6d20000 - 0x00007ff8f6d36000 	C:\Users\ryanwallace\.jdks\corretto-17.0.11\bin\nio.dll
0x00007ff8f4830000 - 0x00007ff8f4848000 	C:\Users\ryanwallace\.jdks\corretto-17.0.11\bin\zip.dll
0x00007ff8f4810000 - 0x00007ff8f482a000 	C:\Program Files\JetBrains\IntelliJ IDEA Community Edition 2024.1\bin\breakgen64.dll
0x000001eb02250000 - 0x000001eb02253000 	C:\Users\ryanwallace\.openjfx\cache\17.0.6\api-ms-win-core-console-l1-1-0.dll
0x000001eb02260000 - 0x000001eb02263000 	C:\Users\ryanwallace\.openjfx\cache\17.0.6\api-ms-win-core-console-l1-2-0.dll
0x000001eb02270000 - 0x000001eb02273000 	C:\Users\ryanwallace\.openjfx\cache\17.0.6\api-ms-win-core-datetime-l1-1-0.dll
0x000001eb02280000 - 0x000001eb02283000 	C:\Users\ryanwallace\.openjfx\cache\17.0.6\api-ms-win-core-debug-l1-1-0.dll
0x000001eb02290000 - 0x000001eb02293000 	C:\Users\ryanwallace\.openjfx\cache\17.0.6\api-ms-win-core-errorhandling-l1-1-0.dll
0x000001eb022a0000 - 0x000001eb022a4000 	C:\Users\ryanwallace\.openjfx\cache\17.0.6\api-ms-win-core-file-l1-1-0.dll
0x000001eb022b0000 - 0x000001eb022b3000 	C:\Users\ryanwallace\.openjfx\cache\17.0.6\api-ms-win-core-file-l1-2-0.dll
0x000001eb022c0000 - 0x000001eb022c3000 	C:\Users\ryanwallace\.openjfx\cache\17.0.6\api-ms-win-core-file-l2-1-0.dll
0x000001eb022d0000 - 0x000001eb022d3000 	C:\Users\ryanwallace\.openjfx\cache\17.0.6\api-ms-win-core-handle-l1-1-0.dll
0x000001eb022e0000 - 0x000001eb022e3000 	C:\Users\ryanwallace\.openjfx\cache\17.0.6\api-ms-win-core-heap-l1-1-0.dll
0x000001eb022f0000 - 0x000001eb022f3000 	C:\Users\ryanwallace\.openjfx\cache\17.0.6\api-ms-win-core-interlocked-l1-1-0.dll
0x000001eb02300000 - 0x000001eb02303000 	C:\Users\ryanwallace\.openjfx\cache\17.0.6\api-ms-win-core-libraryloader-l1-1-0.dll
0x000001eb02310000 - 0x000001eb02313000 	C:\Users\ryanwallace\.openjfx\cache\17.0.6\api-ms-win-core-localization-l1-2-0.dll
0x000001eb02320000 - 0x000001eb02323000 	C:\Users\ryanwallace\.openjfx\cache\17.0.6\api-ms-win-core-memory-l1-1-0.dll
0x000001eb02330000 - 0x000001eb02333000 	C:\Users\ryanwallace\.openjfx\cache\17.0.6\api-ms-win-core-namedpipe-l1-1-0.dll
0x000001eb02340000 - 0x000001eb02343000 	C:\Users\ryanwallace\.openjfx\cache\17.0.6\api-ms-win-core-processenvironment-l1-1-0.dll
0x000001eb02350000 - 0x000001eb02353000 	C:\Users\ryanwallace\.openjfx\cache\17.0.6\api-ms-win-core-processthreads-l1-1-0.dll
0x000001eb02360000 - 0x000001eb02363000 	C:\Users\ryanwallace\.openjfx\cache\17.0.6\api-ms-win-core-processthreads-l1-1-1.dll
0x000001eb02370000 - 0x000001eb02373000 	C:\Users\ryanwallace\.openjfx\cache\17.0.6\api-ms-win-core-profile-l1-1-0.dll
0x000001eb02380000 - 0x000001eb02383000 	C:\Users\ryanwallace\.openjfx\cache\17.0.6\api-ms-win-core-rtlsupport-l1-1-0.dll
0x000001eb02390000 - 0x000001eb02393000 	C:\Users\ryanwallace\.openjfx\cache\17.0.6\api-ms-win-core-string-l1-1-0.dll
0x000001eb023a0000 - 0x000001eb023a3000 	C:\Users\ryanwallace\.openjfx\cache\17.0.6\api-ms-win-core-synch-l1-1-0.dll
0x000001eb023b0000 - 0x000001eb023b3000 	C:\Users\ryanwallace\.openjfx\cache\17.0.6\api-ms-win-core-synch-l1-2-0.dll
0x000001eb023c0000 - 0x000001eb023c3000 	C:\Users\ryanwallace\.openjfx\cache\17.0.6\api-ms-win-core-sysinfo-l1-1-0.dll
0x000001eb023d0000 - 0x000001eb023d3000 	C:\Users\ryanwallace\.openjfx\cache\17.0.6\api-ms-win-core-timezone-l1-1-0.dll
0x000001eb023e0000 - 0x000001eb023e3000 	C:\Users\ryanwallace\.openjfx\cache\17.0.6\api-ms-win-core-util-l1-1-0.dll
0x000001eb023f0000 - 0x000001eb023f3000 	C:\Users\ryanwallace\.openjfx\cache\17.0.6\api-ms-win-crt-conio-l1-1-0.dll
0x000001eb02400000 - 0x000001eb02404000 	C:\Users\ryanwallace\.openjfx\cache\17.0.6\api-ms-win-crt-convert-l1-1-0.dll
0x000001eb02410000 - 0x000001eb02413000 	C:\Users\ryanwallace\.openjfx\cache\17.0.6\api-ms-win-crt-environment-l1-1-0.dll
0x000001eb02420000 - 0x000001eb02423000 	C:\Users\ryanwallace\.openjfx\cache\17.0.6\api-ms-win-crt-filesystem-l1-1-0.dll
0x000001eb02430000 - 0x000001eb02433000 	C:\Users\ryanwallace\.openjfx\cache\17.0.6\api-ms-win-crt-heap-l1-1-0.dll
0x000001eb02440000 - 0x000001eb02443000 	C:\Users\ryanwallace\.openjfx\cache\17.0.6\api-ms-win-crt-locale-l1-1-0.dll
0x000001eb02450000 - 0x000001eb02455000 	C:\Users\ryanwallace\.openjfx\cache\17.0.6\api-ms-win-crt-math-l1-1-0.dll
0x000001eb02460000 - 0x000001eb02465000 	C:\Users\ryanwallace\.openjfx\cache\17.0.6\api-ms-win-crt-multibyte-l1-1-0.dll
0x000001eb02470000 - 0x000001eb02480000 	C:\Users\ryanwallace\.openjfx\cache\17.0.6\api-ms-win-crt-private-l1-1-0.dll
0x000001eb02480000 - 0x000001eb02483000 	C:\Users\ryanwallace\.openjfx\cache\17.0.6\api-ms-win-crt-process-l1-1-0.dll
0x000001eb02490000 - 0x000001eb02494000 	C:\Users\ryanwallace\.openjfx\cache\17.0.6\api-ms-win-crt-runtime-l1-1-0.dll
0x000001eb024a0000 - 0x000001eb024a4000 	C:\Users\ryanwallace\.openjfx\cache\17.0.6\api-ms-win-crt-stdio-l1-1-0.dll
0x000001eb024b0000 - 0x000001eb024b4000 	C:\Users\ryanwallace\.openjfx\cache\17.0.6\api-ms-win-crt-string-l1-1-0.dll
0x000001eb024c0000 - 0x000001eb024c3000 	C:\Users\ryanwallace\.openjfx\cache\17.0.6\api-ms-win-crt-time-l1-1-0.dll
0x000001eb024d0000 - 0x000001eb024d3000 	C:\Users\ryanwallace\.openjfx\cache\17.0.6\api-ms-win-crt-utility-l1-1-0.dll
0x00007ff8e6860000 - 0x00007ff8e695c000 	C:\Users\ryanwallace\.openjfx\cache\17.0.6\ucrtbase.dll
0x00007ff8f47f0000 - 0x00007ff8f480a000 	C:\Users\ryanwallace\.openjfx\cache\17.0.6\vcruntime140.dll
0x00007ff8fa810000 - 0x00007ff8fa81c000 	C:\Users\ryanwallace\.openjfx\cache\17.0.6\vcruntime140_1.dll
0x00007ff8e7a90000 - 0x00007ff8e7b1d000 	C:\Users\ryanwallace\.openjfx\cache\17.0.6\msvcp140.dll
0x00007ff8fa730000 - 0x00007ff8fa739000 	C:\Users\ryanwallace\.openjfx\cache\17.0.6\msvcp140_1.dll
0x00007ff8ec7c0000 - 0x00007ff8ec7ef000 	C:\Users\ryanwallace\.openjfx\cache\17.0.6\msvcp140_2.dll
0x00007ff8ec710000 - 0x00007ff8ec73a000 	C:\Users\ryanwallace\.openjfx\cache\17.0.6\prism_d3d.dll
0x00007ff8c4ee0000 - 0x00007ff8c51cd000 	C:\Windows\system32\d3d9.dll
0x00007ff900570000 - 0x00007ff9005bc000 	C:\Windows\SYSTEM32\dwmapi.dll
0x00007ff8fffa0000 - 0x00007ff900014000 	C:\Windows\SYSTEM32\dxcore.dll
0x00007ff8ffdf0000 - 0x00007ff8fff21000 	C:\Windows\system32\uxtheme.dll
0x00007ff8e6f70000 - 0x00007ff8e702b000 	C:\Windows\SYSTEM32\prl_umdd.dll
0x00007ff8f8360000 - 0x00007ff8f83ec000 	C:\Windows\SYSTEM32\directxdatabasehelper.dll
0x00007ff8ec5c0000 - 0x00007ff8ec602000 	C:\Users\ryanwallace\.openjfx\cache\17.0.6\glass.dll
0x00007ff905dd0000 - 0x00007ff905f98000 	C:\Windows\System32\COMDLG32.dll
0x00007ff905fa0000 - 0x00007ff906255000 	C:\Windows\System32\ole32.dll
0x00007ff9066f0000 - 0x00007ff9067d2000 	C:\Windows\System32\coml2.dll
0x00007ff909550000 - 0x00007ff9097c0000 	C:\Windows\System32\MSCTF.dll
0x00007ff8f47d0000 - 0x00007ff8f47e4000 	C:\Users\ryanwallace\.openjfx\cache\17.0.6\javafx_font.dll
0x00007ff8fd7d0000 - 0x00007ff8fdc49000 	C:\Windows\SYSTEM32\dwrite.dll
0x00007ff9086e0000 - 0x00007ff908810000 	C:\Windows\System32\clbcatq.dll
0x00007ff8fd4c0000 - 0x00007ff8fd7c1000 	C:\Windows\SYSTEM32\WindowsCodecs.dll
0x00007ff8e16a0000 - 0x00007ff8e1765000 	C:\Windows\system32\dataexchange.dll
0x00007ff8f5a50000 - 0x00007ff8f5f9b000 	C:\Windows\system32\twinapi.appcore.dll
0x00007ff8e9e50000 - 0x00007ff8e9eb4000 	C:\Program Files\Common Files\Microsoft Shared\Ink\rtscom.dll
0x00007ff8e7f40000 - 0x00007ff8e81c7000 	C:\Windows\SYSTEM32\textinputframework.dll
0x00007ff8ff570000 - 0x00007ff8ff82a000 	C:\Windows\SYSTEM32\CoreMessaging.dll
0x00007ff8f9170000 - 0x00007ff8f983f000 	C:\Windows\SYSTEM32\CoreUIComponents.dll
0x00007ff903d80000 - 0x00007ff903d94000 	C:\Windows\SYSTEM32\CRYPTBASE.DLL
0x00007ff8f7f30000 - 0x00007ff8f7fc3000 	C:\Windows\system32\ApplicationTargetedFeatureDatabase.dll
0x00007ff903d40000 - 0x00007ff903d72000 	C:\Windows\SYSTEM32\CRYPTSP.dll
0x00007ff9030c0000 - 0x00007ff903123000 	C:\Windows\system32\rsaenh.dll
0x00007ff903a20000 - 0x00007ff903a75000 	C:\Windows\SYSTEM32\USERENV.dll
0x00007ff904070000 - 0x00007ff9040bb000 	C:\Windows\SYSTEM32\bcrypt.dll
0x00007ff9028d0000 - 0x00007ff902923000 	C:\Windows\SYSTEM32\IPHLPAPI.DLL
0x00007ff9067e0000 - 0x00007ff9067f0000 	C:\Windows\System32\NSI.dll

dbghelp: loaded successfully - version: 4.0.5 - missing functions: none
symbol engine: initialized successfully - sym options: 0x614 - pdb path: .;C:\Users\ryanwallace\.jdks\corretto-17.0.11\bin;C:\Windows\SYSTEM32;C:\Windows\WinSxS\arm64_microsoft.windows.common-controls_6595b64144ccf1df_6.0.22621.2506_none_270c5a477388e244;C:\Users\ryanwallace\.jdks\corretto-17.0.11\bin\server;C:\Program Files\JetBrains\IntelliJ IDEA Community Edition 2024.1\bin;C:\Users\ryanwallace\.openjfx\cache\17.0.6;C:\Program Files\Common Files\Microsoft Shared\Ink

VM Arguments:
jvm_args: -javaagent:C:\Program Files\JetBrains\IntelliJ IDEA Community Edition 2024.1\lib\idea_rt.jar=53443:C:\Program Files\JetBrains\IntelliJ IDEA Community Edition 2024.1\bin -Dfile.encoding=UTF-8 --module-path=C:\Users\ryanwallace\IdeaProjects\CAB302Java\target\classes;C:\Users\ryanwallace\.m2\repository\org\openjfx\javafx-graphics\17.0.6\javafx-graphics-17.0.6-win.jar;C:\Users\ryanwallace\.m2\repository\org\openjfx\javafx-base\17.0.6\javafx-base-17.0.6-win.jar;C:\Users\ryanwallace\.m2\repository\org\openjfx\javafx-controls\17.0.6\javafx-controls-17.0.6-win.jar;C:\Users\ryanwallace\.m2\repository\org\openjfx\javafx-fxml\17.0.6\javafx-fxml-17.0.6-win.jar -Djdk.module.main=com.example.cab302javaproject 
java_command: com.example.cab302javaproject/com.example.cab302javaproject.LifestyleCalendar
java_class_path (initial): C:\Users\ryanwallace\.m2\repository\org\openjfx\javafx-controls\17.0.6\javafx-controls-17.0.6.jar;C:\Users\ryanwallace\.m2\repository\org\openjfx\javafx-graphics\17.0.6\javafx-graphics-17.0.6.jar;C:\Users\ryanwallace\.m2\repository\org\openjfx\javafx-base\17.0.6\javafx-base-17.0.6.jar;C:\Users\ryanwallace\.m2\repository\org\openjfx\javafx-fxml\17.0.6\javafx-fxml-17.0.6.jar
Launcher Type: SUN_STANDARD

[Global flags]
     intx CICompilerCount                          = 3                                         {product} {ergonomic}
     uint ConcGCThreads                            = 1                                         {product} {ergonomic}
     uint G1ConcRefinementThreads                  = 4                                         {product} {ergonomic}
   size_t G1HeapRegionSize                         = 1048576                                   {product} {ergonomic}
    uintx GCDrainStackTargetSize                   = 64                                        {product} {ergonomic}
   size_t InitialHeapSize                          = 50331648                                  {product} {ergonomic}
   size_t MarkStackSize                            = 4194304                                   {product} {ergonomic}
   size_t MaxHeapSize                              = 805306368                                 {product} {ergonomic}
   size_t MaxNewSize                               = 482344960                                 {product} {ergonomic}
   size_t MinHeapDeltaBytes                        = 1048576                                   {product} {ergonomic}
   size_t MinHeapSize                              = 8388608                                   {product} {ergonomic}
    uintx NonNMethodCodeHeapSize                   = 5832780                                {pd product} {ergonomic}
    uintx NonProfiledCodeHeapSize                  = 122912730                              {pd product} {ergonomic}
    uintx ProfiledCodeHeapSize                     = 122912730                              {pd product} {ergonomic}
    uintx ReservedCodeCacheSize                    = 251658240                              {pd product} {ergonomic}
     bool SegmentedCodeCache                       = true                                      {product} {ergonomic}
   size_t SoftMaxHeapSize                          = 805306368                              {manageable} {ergonomic}
     bool UseCompressedClassPointers               = true                           {product lp64_product} {ergonomic}
     bool UseCompressedOops                        = true                           {product lp64_product} {ergonomic}
     bool UseG1GC                                  = true                                      {product} {ergonomic}
     bool UseLargePagesIndividualAllocation        = false                                  {pd product} {ergonomic}

Logging:
Log output configuration:
 #0: stdout all=off uptime,level,tags
 #1: stderr all=off uptime,level,tags

Environment Variables:
PATH=C:\Program Files\Parallels\Parallels Tools\Applications;C:\Windows\system32;C:\Windows;C:\Windows\System32\Wbem;C:\Windows\System32\WindowsPowerShell\v1.0\;C:\Windows\System32\OpenSSH\;C:\Program Files\Git\cmd;C:\Users\ryanwallace\AppData\Local\Microsoft\WindowsApps;
USERNAME=ryanwallace
OS=Windows_NT
PROCESSOR_IDENTIFIER=ARMv8 (64-bit) Family 8 Model 0 Revision   0,  
TMP=C:\Users\RYANWA~1\AppData\Local\Temp
TEMP=C:\Users\RYANWA~1\AppData\Local\Temp



Periodic native trim disabled


---------------  S Y S T E M  ---------------

OS:
 Windows 11 , 64 bit Build 22621 (10.0.22621.2506)
OS uptime: 3 days 16:51 hours

CPU: total 4 (initial active 4) (4 cores per cpu, 1 threads per core) family 15 model 4 stepping 10 microcode 0x0, cx8, cmov, fxsr, mmx, 3dnowpref, sse, sse2, sse3, ssse3, sse4.1, sse4.2, popcnt, tsc, tscinvbit, aes, clmul, clflush
Processor Information for all 4 processors :
  Max Mhz: 3200, Current Mhz: 3200, Mhz Limit: 3200

Memory: 4k page, system-wide physical 3066M (186M free)
TotalPageFile size 5254M (AvailPageFile size 818M)
current process WorkingSet (physical memory assigned to process): 210M, peak: 240M
current process commit charge ("private bytes"): 238M, peak: 255M

vm_info: OpenJDK 64-Bit Server VM (17.0.11+9-LTS) for windows-amd64 JRE (17.0.11+9-LTS), built on Apr 10 2024 22:12:24 by "Administrator" with MS VC++ 16.10 / 16.11 (VS2019)

END.
