#
# A fatal error has been detected by the Java Runtime Environment:
#
#  EXCEPTION_ACCESS_VIOLATION (0xc0000005) at pc=0x00007ff8e9e66b07, pid=1680, tid=1640
#
# JRE version: OpenJDK Runtime Environment Corretto-17.0.11.9.1 (17.0.11+9) (build 17.0.11+9-LTS)
# Java VM: OpenJDK 64-Bit Server VM Corretto-17.0.11.9.1 (17.0.11+9-LTS, mixed mode, sharing, tiered, compressed oops, compressed class ptrs, g1 gc, windows-amd64)
# Problematic frame:
# C  [glass.dll+0x26b07]
#
# No core dump will be written. Minidumps are not enabled by default on client versions of Windows
#
# If you would like to submit a bug report, please visit:
#   https://github.com/corretto/corretto-17/issues/
#

---------------  S U M M A R Y ------------

Command Line: -javaagent:C:\Program Files\JetBrains\IntelliJ IDEA Community Edition 2024.1\lib\idea_rt.jar=53440:C:\Program Files\JetBrains\IntelliJ IDEA Community Edition 2024.1\bin -Dfile.encoding=UTF-8 --module-path=C:\Users\ryanwallace\IdeaProjects\CAB302Java\target\classes;C:\Users\ryanwallace\.m2\repository\org\openjfx\javafx-base\17.0.6\javafx-base-17.0.6-win.jar;C:\Users\ryanwallace\.m2\repository\org\openjfx\javafx-controls\17.0.6\javafx-controls-17.0.6-win.jar;C:\Users\ryanwallace\.m2\repository\org\openjfx\javafx-graphics\17.0.6\javafx-graphics-17.0.6-win.jar;C:\Users\ryanwallace\.m2\repository\org\openjfx\javafx-fxml\17.0.6\javafx-fxml-17.0.6-win.jar -Djdk.module.main=com.example.cab302javaproject com.example.cab302javaproject/com.example.cab302javaproject.LifestyleCalendar

Host: Apple Silicon, 4 cores, 2G,  Windows 11 , 64 bit Build 22621 (10.0.22621.2506)
Time: Wed Apr 24 09:13:20 2024 E. Australia Standard Time elapsed time: 106.013031 seconds (0d 0h 1m 46s)

---------------  T H R E A D  ---------------

Current thread (0x000001ecb8b4d900):  VMThread "VM Thread" [stack: 0x000000242a200000,0x000000242a300000] [id=1640]

Stack: [0x000000242a200000,0x000000242a300000],  sp=0x000000242a2fef90,  free space=1019k
Native frames: (J=compiled Java code, j=interpreted, Vv=VM code, C=native code)
C  [glass.dll+0x26b07]


siginfo: EXCEPTION_ACCESS_VIOLATION (0xc0000005), reading address 0x0000000000000000


Registers:
RAX=0x0000000000000000, RBX=0x000001ecb8b64a40, RCX=0x000001ecb8b4d900, RDX=0x000000242a2fef90
RSP=0x000000242a2fef90, RBP=0x000000242a2fefe0, RSI=0x000001ecfed33b20, RDI=0x0000000000000001
R8 =0x0000000000010002, R9 =0x0000000000000000, R10=0x0000000000000000, R11=0x000000242a2ff1e0
R12=0x000001ecfed33b28, R13=0x000001ecfed33b20, R14=0x000000242a2ff0a0, R15=0x0000000000000000
RIP=0x00007ff8e9e66b07, EFLAGS=0x0000000000000202


Register to memory mapping:

RIP=0x00007ff8e9e66b07 glass.dll
RAX=0x0 is NULL
RBX=0x000001ecb8b64a40 is a global jni handle
RCX=0x000001ecb8b4d900 points into unknown readable memory: 0x00007ff89f39d948 | 48 d9 39 9f f8 7f 00 00
RDX=0x000000242a2fef90 points into unknown readable memory: 0x0000000000000000 | 00 00 00 00 00 00 00 00
RSP=0x000000242a2fef90 points into unknown readable memory: 0x0000000000000000 | 00 00 00 00 00 00 00 00
RBP=0x000000242a2fefe0 points into unknown readable memory: 0x000000242a2feff0 | f0 ef 2f 2a 24 00 00 00
RSI=0x000001ecfed33b20 points into unknown readable memory: 0x98fba9975d54f70d | 0d f7 54 5d 97 a9 fb 98
RDI=0x0000000000000001 is an unknown value
R8 =0x0000000000010002 is an unknown value
R9 =0x0 is NULL
R10=0x0 is NULL
R11=0x000000242a2ff1e0 points into unknown readable memory: 0x00007ff8e9e643d4 | d4 43 e6 e9 f8 7f 00 00
R12=0x000001ecfed33b28 points into unknown readable memory: 0x000019975cab14aa | aa 14 ab 5c 97 19 00 00
R13=0x000001ecfed33b20 points into unknown readable memory: 0x98fba9975d54f70d | 0d f7 54 5d 97 a9 fb 98
R14=0x000000242a2ff0a0 points into unknown readable memory: 0x000000242a2ff098 | 98 f0 2f 2a 24 00 00 00
R15=0x0 is NULL


Top of Stack: (sp=0x000000242a2fef90)
0x000000242a2fef90:   0000000000000000 0000000000000000
0x000000242a2fefa0:   0000000000000000 0000000000000000
0x000000242a2fefb0:   000001ecfed33b48 00007ff905550c3c
0x000000242a2fefc0:   0000000000000001 000001ecfed33b48
0x000000242a2fefd0:   000000242a2feff0 000001ecfed33b48
0x000000242a2fefe0:   000000242a2feff0 00007ff9054c00b0
0x000000242a2feff0:   000000242a2ff050 00007ff9054a493c
0x000000242a2ff000:   00007ff9097a8000 000019975cab14aa
0x000000242a2ff010:   fffffffffffffffe 00007ff9088aac78
0x000000242a2ff020:   000000242a2ff0a0 000000242a2ff090
0x000000242a2ff030:   00007ff8e9e40000 0000000000000000
0x000000242a2ff040:   0000000000000001 0000000000000000
0x000000242a2ff050:   000000242a2ff080 00007ff9054a48b8
0x000000242a2ff060:   000000242a2ff090 000000007ffe0384
0x000000242a2ff070:   000000007ffe0385 000000007ffe0384
0x000000242a2ff080:   000000242a2ff0b0 00007ff90555069c
0x000000242a2ff090:   0000000200000002 00007ff8e9e7a138
0x000000242a2ff0a0:   000000242a2ff098 fffffffffffffffe
0x000000242a2ff0b0:   000000242a2ff220 00007ff8e9e64261
0x000000242a2ff0c0:   0000000000000000 0000000000000000
0x000000242a2ff0d0:   0000000000000000 0000000000000000
0x000000242a2ff0e0:   0000000000000000 0000000000000000
0x000000242a2ff0f0:   0000000000000000 0000000000000000
0x000000242a2ff100:   0000000000000000 0000000000000000
0x000000242a2ff110:   0000000000000000 0000000000000000
0x000000242a2ff120:   0000000000000000 0000000000000000
0x000000242a2ff130:   0000000000000000 0000000000000000
0x000000242a2ff140:   0000000000000000 0000000000000000
0x000000242a2ff150:   0000000000000000 0000000000000000
0x000000242a2ff160:   0000000000000000 00007ff8fd5ead0c
0x000000242a2ff170:   000000242a2ff210 0000000000000000
0x000000242a2ff180:   0000000000000000 0000000000000000 

Instructions: (pc=0x00007ff8e9e66b07)
0x00007ff8e9e66a07:   8b 4d 58 e8 01 cf ff ff 48 8b 4d 60 e8 f8 ce ff
0x00007ff8e9e66a17:   ff 48 8b 95 80 00 00 00 48 8b 8d 18 01 00 00 e8
0x00007ff8e9e66a27:   c6 c3 ff ff 33 d2 33 c9 e8 3c e1 ff ff 90 48 89
0x00007ff8e9e66a37:   54 24 10 55 48 83 ec 20 48 8b ea 48 b8 00 00 00
0x00007ff8e9e66a47:   00 00 00 00 00 48 83 c4 20 5d c3 cc 40 55 48 8b
0x00007ff8e9e66a57:   ea 48 8b 01 33 c9 81 38 05 00 00 c0 0f 94 c1 8b
0x00007ff8e9e66a67:   c1 5d c3 cc 40 55 48 83 ec 20 48 8b ea 8a 4d 40
0x00007ff8e9e66a77:   48 83 c4 20 5d e9 f7 d2 ff ff cc 40 55 48 83 ec
0x00007ff8e9e66a87:   20 48 8b ea 8a 4d 20 e8 e5 d2 ff ff 90 48 83 c4
0x00007ff8e9e66a97:   20 5d c3 cc 40 55 48 83 ec 20 48 8b ea 48 83 c4
0x00007ff8e9e66aa7:   20 5d e9 46 d1 ff ff cc 40 55 48 83 ec 30 48 8b
0x00007ff8e9e66ab7:   ea 48 8b 01 8b 10 48 89 4c 24 28 89 54 24 20 4c
0x00007ff8e9e66ac7:   8d 0d e7 d5 ff ff 4c 8b 45 70 8b 55 68 48 8b 4d
0x00007ff8e9e66ad7:   60 e8 87 d0 ff ff 90 48 83 c4 30 5d c3 cc cc cc
0x00007ff8e9e66ae7:   cc cc cc cc cc cc cc cc cc 40 53 48 83 ec 20 48
0x00007ff8e9e66af7:   8b 1d 33 30 01 00 48 85 db 74 16 e8 09 8b ff ff
0x00007ff8e9e66b07:   4c 8b 00 48 8b d3 48 8b c8 41 ff 90 b0 00 00 00
0x00007ff8e9e66b17:   90 48 83 c4 20 5b c3 cc cc 40 53 48 83 ec 20 48
0x00007ff8e9e66b27:   8b 1d ab 31 01 00 48 85 db 74 57 b8 ff ff ff ff
0x00007ff8e9e66b37:   f0 0f c1 43 10 83 f8 01 75 3d 48 85 db 74 38 48
0x00007ff8e9e66b47:   8b 0b 48 85 c9 74 0d ff 15 54 07 00 00 48 c7 03
0x00007ff8e9e66b57:   00 00 00 00 48 8b 4b 08 48 85 c9 74 0d e8 a7 cd
0x00007ff8e9e66b67:   ff ff 48 c7 43 08 00 00 00 00 ba 18 00 00 00 48
0x00007ff8e9e66b77:   8b cb e8 92 cd ff ff 48 c7 05 4f 31 01 00 00 00
0x00007ff8e9e66b87:   00 00 48 83 c4 20 5b c3 cc 40 53 48 83 ec 20 48
0x00007ff8e9e66b97:   8b 1d 1b 31 01 00 48 85 db 74 57 b8 ff ff ff ff
0x00007ff8e9e66ba7:   f0 0f c1 43 10 83 f8 01 75 3d 48 85 db 74 38 48
0x00007ff8e9e66bb7:   8b 0b 48 85 c9 74 0d ff 15 e4 06 00 00 48 c7 03
0x00007ff8e9e66bc7:   00 00 00 00 48 8b 4b 08 48 85 c9 74 0d e8 37 cd
0x00007ff8e9e66bd7:   ff ff 48 c7 43 08 00 00 00 00 ba 18 00 00 00 48
0x00007ff8e9e66be7:   8b cb e8 22 cd ff ff 48 c7 05 bf 30 01 00 00 00
0x00007ff8e9e66bf7:   00 00 48 83 c4 20 5b c3 cc 40 53 48 83 ec 20 48 


Stack slot to memory mapping:
stack at sp + 0 slots: 0x0 is NULL
stack at sp + 1 slots: 0x0 is NULL
stack at sp + 2 slots: 0x0 is NULL
stack at sp + 3 slots: 0x0 is NULL
stack at sp + 4 slots: 0x000001ecfed33b48 points into unknown readable memory: 0x000019975cab14aa | aa 14 ab 5c 97 19 00 00
stack at sp + 5 slots: 0x00007ff905550c3c ucrtbase.dll
stack at sp + 6 slots: 0x0000000000000001 is an unknown value
stack at sp + 7 slots: 0x000001ecfed33b48 points into unknown readable memory: 0x000019975cab14aa | aa 14 ab 5c 97 19 00 00

VM_Operation (0x00000024299ff0a0): Exit, mode: safepoint, requested by thread 0x000001ec802ec9d0


---------------  P R O C E S S  ---------------

Threads class SMR info:
_java_thread_list=0x000001ecb8bc02c0, length=20, elements={
0x000001ec9de72820, 0x000001ecb8b52ce0, 0x000001ecb8b53a70, 0x000001ecb8b6e360,
0x000001ecb8b70c40, 0x000001ecb8b71510, 0x000001ecb8b721c0, 0x000001ecb8b88870,
0x000001ecb8bef8d0, 0x000001ecb8b3c020, 0x000001ecfe462a50, 0x000001ecfe465680,
0x000001ecfea45840, 0x000001ecfed4ff60, 0x000001ecfeda78c0, 0x000001ec80078140,
0x000001ec80009410, 0x000001ec802ec4c0, 0x000001ec802ebfb0, 0x000001ec802ec9d0
}

Java Threads: ( => current thread )
  0x000001ec9de72820 JavaThread "main" [_thread_blocked, id=7184, stack(0x0000002429c00000,0x0000002429d00000)]
  0x000001ecb8b52ce0 JavaThread "Reference Handler" daemon [_thread_blocked, id=1168, stack(0x000000242a300000,0x000000242a400000)]
  0x000001ecb8b53a70 JavaThread "Finalizer" daemon [_thread_blocked, id=5480, stack(0x000000242a400000,0x000000242a500000)]
  0x000001ecb8b6e360 JavaThread "Attach Listener" daemon [_thread_blocked, id=7532, stack(0x000000242a600000,0x000000242a700000)]
  0x000001ecb8b70c40 JavaThread "Service Thread" daemon [_thread_blocked, id=7896, stack(0x000000242a700000,0x000000242a800000)]
  0x000001ecb8b71510 JavaThread "Monitor Deflation Thread" daemon [_thread_blocked, id=3264, stack(0x000000242a800000,0x000000242a900000)]
  0x000001ecb8b721c0 JavaThread "C2 CompilerThread0" daemon [_thread_blocked, id=9140, stack(0x000000242a900000,0x000000242aa00000)]
  0x000001ecb8b88870 JavaThread "C1 CompilerThread0" daemon [_thread_blocked, id=1756, stack(0x000000242aa00000,0x000000242ab00000)]
  0x000001ecb8bef8d0 JavaThread "Sweeper thread" daemon [_thread_blocked, id=6536, stack(0x000000242ab00000,0x000000242ac00000)]
  0x000001ecb8b3c020 JavaThread "Common-Cleaner" daemon [_thread_blocked, id=8504, stack(0x000000242ac00000,0x000000242ad00000)]
  0x000001ecfe462a50 JavaThread "Monitor Ctrl-Break" daemon [_thread_in_native, id=4872, stack(0x000000242ad00000,0x000000242ae00000)]
  0x000001ecfe465680 JavaThread "Notification Thread" daemon [_thread_blocked, id=4064, stack(0x000000242ae00000,0x000000242af00000)]
  0x000001ecfea45840 JavaThread "QuantumRenderer-0" daemon [_thread_blocked, id=7004, stack(0x000000242b000000,0x000000242b100000)]
  0x000001ecfed4ff60 JavaThread "InvokeLaterDispatcher" daemon [_thread_blocked, id=472, stack(0x000000242b400000,0x000000242b500000)]
  0x000001ecfeda78c0 JavaThread "JavaFX Application Thread" [_thread_in_native, id=7276, stack(0x000000242b500000,0x000000242b600000)]
  0x000001ec80078140 JavaThread "Thread-1" daemon [_thread_in_native, id=8132, stack(0x000000242b600000,0x000000242b700000)]
  0x000001ec80009410 JavaThread "JavaFX-Launcher" [_thread_blocked, id=968, stack(0x000000242b700000,0x000000242b800000)]
  0x000001ec802ec4c0 JavaThread "Prism Font Disposer" daemon [_thread_blocked, id=5328, stack(0x000000242bb00000,0x000000242bc00000)]
  0x000001ec802ebfb0 JavaThread "Cleaner-0" daemon [_thread_blocked, id=2232, stack(0x000000242bc00000,0x000000242bd00000)]
  0x000001ec802ec9d0 JavaThread "SIGINT handler" daemon [_thread_blocked, id=1332, stack(0x0000002429900000,0x0000002429a00000)]

Other Threads:
=>0x000001ecb8b4d900 VMThread "VM Thread" [stack: 0x000000242a200000,0x000000242a300000] [id=1640]
  0x000001ec9dea80e0 GCTaskThread "GC Thread#0" [stack: 0x0000002429d00000,0x0000002429e00000] [id=5316]
  0x000001ecfecff9f0 GCTaskThread "GC Thread#1" [stack: 0x000000242b100000,0x000000242b200000] [id=1968]
  0x000001ecfed14df0 GCTaskThread "GC Thread#2" [stack: 0x000000242b200000,0x000000242b300000] [id=7900]
  0x000001ecfed150b0 GCTaskThread "GC Thread#3" [stack: 0x000000242b300000,0x000000242b400000] [id=5504]
  0x000001ec9deaef40 ConcurrentGCThread "G1 Main Marker" terminated
  0x000001ec9deaf870 ConcurrentGCThread "G1 Conc#0" [stack: 0x0000002429f00000,0x000000242a000000] [id=8436]
  0x000001ec9deeaab0 ConcurrentGCThread "G1 Refine#0" terminated
  0x000001ec9deec400 ConcurrentGCThread "G1 Service" terminated

Threads with active compile tasks:

VM state: at safepoint (shutting down)

VM Mutex/Monitor currently owned by a thread:  ([mutex/lock_event])
[0x000001ec9de6eca0] Threads_lock - owner thread: 0x000001ecb8b4d900
[0x000001ec9de6f360] Heap_lock - owner thread: 0x000001ec802ec9d0

Heap address: 0x00000000d0000000, size: 768 MB, Compressed Oops mode: 32-bit

CDS archive(s) mapped at: [0x000001ecb9000000-0x000001ecb9bb0000-0x000001ecb9bb0000), size 12255232, SharedBaseAddress: 0x000001ecb9000000, ArchiveRelocationMode: 1.
Compressed class space mapped at: 0x000001ecba000000-0x000001ecfa000000, reserved size: 1073741824
Narrow klass base: 0x000001ecb9000000, Narrow klass shift: 0, Narrow klass range: 0x100000000

GC Precious Log:
 CPUs: 4 total, 4 available
 Memory: 3066M
 Large Page Support: Disabled
 NUMA Support: Disabled
 Compressed Oops: Enabled (32-bit)
 Heap Region Size: 1M
 Heap Min Capacity: 8M
 Heap Initial Capacity: 48M
 Heap Max Capacity: 768M
 Pre-touch: Disabled
 Parallel Workers: 4
 Concurrent Workers: 1
 Concurrent Refinement Workers: 4
 Periodic GC: Disabled

Heap:
 garbage-first heap   total 49152K, used 24758K [0x00000000d0000000, 0x0000000100000000)
  region size 1024K, 20 young (20480K), 4 survivors (4096K)
 Metaspace       used 16458K, committed 16704K, reserved 1114112K
  class space    used 2240K, committed 2368K, reserved 1048576K

Heap Regions: E=young(eden), S=young(survivor), O=old, HS=humongous(starts), HC=humongous(continues), CS=collection set, F=free, OA=open archive, CA=closed archive, TAMS=top-at-mark-start (previous, next)
|   0|0x00000000d0000000, 0x00000000d0100000, 0x00000000d0100000|100%| O|  |TAMS 0x00000000d0000000, 0x00000000d0000000| Untracked 
|   1|0x00000000d0100000, 0x00000000d0200000, 0x00000000d0200000|100%| O|  |TAMS 0x00000000d0100000, 0x00000000d0100000| Untracked 
|   2|0x00000000d0200000, 0x00000000d0200000, 0x00000000d0300000|  0%| F|  |TAMS 0x00000000d0200000, 0x00000000d0200000| Untracked 
|   3|0x00000000d0300000, 0x00000000d0300000, 0x00000000d0400000|  0%| F|  |TAMS 0x00000000d0300000, 0x00000000d0300000| Untracked 
|   4|0x00000000d0400000, 0x00000000d0400000, 0x00000000d0500000|  0%| F|  |TAMS 0x00000000d0400000, 0x00000000d0400000| Untracked 
|   5|0x00000000d0500000, 0x00000000d0500000, 0x00000000d0600000|  0%| F|  |TAMS 0x00000000d0500000, 0x00000000d0500000| Untracked 
|   6|0x00000000d0600000, 0x00000000d0600000, 0x00000000d0700000|  0%| F|  |TAMS 0x00000000d0600000, 0x00000000d0600000| Untracked 
|   7|0x00000000d0700000, 0x00000000d0700000, 0x00000000d0800000|  0%| F|  |TAMS 0x00000000d0700000, 0x00000000d0700000| Untracked 
|   8|0x00000000d0800000, 0x00000000d0900000, 0x00000000d0900000|100%|HS|  |TAMS 0x00000000d0800000, 0x00000000d0800000| Complete 
|   9|0x00000000d0900000, 0x00000000d0a00000, 0x00000000d0a00000|100%|HC|  |TAMS 0x00000000d0900000, 0x00000000d0900000| Complete 
|  10|0x00000000d0a00000, 0x00000000d0b00000, 0x00000000d0b00000|100%| O|  |TAMS 0x00000000d0a00000, 0x00000000d0a00000| Untracked 
|  11|0x00000000d0b00000, 0x00000000d0bd6600, 0x00000000d0c00000| 83%| O|  |TAMS 0x00000000d0b00000, 0x00000000d0b00000| Untracked 
|  12|0x00000000d0c00000, 0x00000000d0c00000, 0x00000000d0d00000|  0%| F|  |TAMS 0x00000000d0c00000, 0x00000000d0c00000| Untracked 
|  13|0x00000000d0d00000, 0x00000000d0d00000, 0x00000000d0e00000|  0%| F|  |TAMS 0x00000000d0d00000, 0x00000000d0d00000| Untracked 
|  14|0x00000000d0e00000, 0x00000000d0e00000, 0x00000000d0f00000|  0%| F|  |TAMS 0x00000000d0e00000, 0x00000000d0e00000| Untracked 
|  15|0x00000000d0f00000, 0x00000000d0f00000, 0x00000000d1000000|  0%| F|  |TAMS 0x00000000d0f00000, 0x00000000d0f00000| Untracked 
|  16|0x00000000d1000000, 0x00000000d10573c8, 0x00000000d1100000| 34%| S|CS|TAMS 0x00000000d1000000, 0x00000000d1000000| Complete 
|  17|0x00000000d1100000, 0x00000000d1200000, 0x00000000d1200000|100%| S|CS|TAMS 0x00000000d1100000, 0x00000000d1100000| Complete 
|  18|0x00000000d1200000, 0x00000000d1300000, 0x00000000d1300000|100%| S|CS|TAMS 0x00000000d1200000, 0x00000000d1200000| Complete 
|  19|0x00000000d1300000, 0x00000000d1400000, 0x00000000d1400000|100%| S|CS|TAMS 0x00000000d1300000, 0x00000000d1300000| Complete 
|  20|0x00000000d1400000, 0x00000000d1400000, 0x00000000d1500000|  0%| F|  |TAMS 0x00000000d1400000, 0x00000000d1400000| Untracked 
|  21|0x00000000d1500000, 0x00000000d1500000, 0x00000000d1600000|  0%| F|  |TAMS 0x00000000d1500000, 0x00000000d1500000| Untracked 
|  22|0x00000000d1600000, 0x00000000d1600000, 0x00000000d1700000|  0%| F|  |TAMS 0x00000000d1600000, 0x00000000d1600000| Untracked 
|  23|0x00000000d1700000, 0x00000000d1700000, 0x00000000d1800000|  0%| F|  |TAMS 0x00000000d1700000, 0x00000000d1700000| Untracked 
|  24|0x00000000d1800000, 0x00000000d1800000, 0x00000000d1900000|  0%| F|  |TAMS 0x00000000d1800000, 0x00000000d1800000| Untracked 
|  25|0x00000000d1900000, 0x00000000d1900000, 0x00000000d1a00000|  0%| F|  |TAMS 0x00000000d1900000, 0x00000000d1900000| Untracked 
|  26|0x00000000d1a00000, 0x00000000d1a00000, 0x00000000d1b00000|  0%| F|  |TAMS 0x00000000d1a00000, 0x00000000d1a00000| Untracked 
|  27|0x00000000d1b00000, 0x00000000d1b00000, 0x00000000d1c00000|  0%| F|  |TAMS 0x00000000d1b00000, 0x00000000d1b00000| Untracked 
|  28|0x00000000d1c00000, 0x00000000d1c00000, 0x00000000d1d00000|  0%| F|  |TAMS 0x00000000d1c00000, 0x00000000d1c00000| Untracked 
|  29|0x00000000d1d00000, 0x00000000d1d00000, 0x00000000d1e00000|  0%| F|  |TAMS 0x00000000d1d00000, 0x00000000d1d00000| Untracked 
|  30|0x00000000d1e00000, 0x00000000d1e00000, 0x00000000d1f00000|  0%| F|  |TAMS 0x00000000d1e00000, 0x00000000d1e00000| Untracked 
|  31|0x00000000d1f00000, 0x00000000d1f00000, 0x00000000d2000000|  0%| F|  |TAMS 0x00000000d1f00000, 0x00000000d1f00000| Untracked 
|  32|0x00000000d2000000, 0x00000000d2020f20, 0x00000000d2100000| 12%| E|  |TAMS 0x00000000d2000000, 0x00000000d2000000| Complete 
|  33|0x00000000d2100000, 0x00000000d2200000, 0x00000000d2200000|100%| E|CS|TAMS 0x00000000d2100000, 0x00000000d2100000| Complete 
|  34|0x00000000d2200000, 0x00000000d2300000, 0x00000000d2300000|100%| E|CS|TAMS 0x00000000d2200000, 0x00000000d2200000| Complete 
|  35|0x00000000d2300000, 0x00000000d2400000, 0x00000000d2400000|100%| E|CS|TAMS 0x00000000d2300000, 0x00000000d2300000| Complete 
|  36|0x00000000d2400000, 0x00000000d2500000, 0x00000000d2500000|100%| E|CS|TAMS 0x00000000d2400000, 0x00000000d2400000| Complete 
|  37|0x00000000d2500000, 0x00000000d2600000, 0x00000000d2600000|100%| E|CS|TAMS 0x00000000d2500000, 0x00000000d2500000| Complete 
|  38|0x00000000d2600000, 0x00000000d2700000, 0x00000000d2700000|100%| E|CS|TAMS 0x00000000d2600000, 0x00000000d2600000| Complete 
|  39|0x00000000d2700000, 0x00000000d2800000, 0x00000000d2800000|100%| E|CS|TAMS 0x00000000d2700000, 0x00000000d2700000| Complete 
|  40|0x00000000d2800000, 0x00000000d2900000, 0x00000000d2900000|100%| E|CS|TAMS 0x00000000d2800000, 0x00000000d2800000| Complete 
|  41|0x00000000d2900000, 0x00000000d2a00000, 0x00000000d2a00000|100%| E|CS|TAMS 0x00000000d2900000, 0x00000000d2900000| Complete 
|  42|0x00000000d2a00000, 0x00000000d2b00000, 0x00000000d2b00000|100%| E|CS|TAMS 0x00000000d2a00000, 0x00000000d2a00000| Complete 
|  43|0x00000000d2b00000, 0x00000000d2c00000, 0x00000000d2c00000|100%| E|CS|TAMS 0x00000000d2b00000, 0x00000000d2b00000| Complete 
|  44|0x00000000d2c00000, 0x00000000d2d00000, 0x00000000d2d00000|100%| E|CS|TAMS 0x00000000d2c00000, 0x00000000d2c00000| Complete 
|  45|0x00000000d2d00000, 0x00000000d2e00000, 0x00000000d2e00000|100%| E|CS|TAMS 0x00000000d2d00000, 0x00000000d2d00000| Complete 
|  46|0x00000000d2e00000, 0x00000000d2f00000, 0x00000000d2f00000|100%| E|CS|TAMS 0x00000000d2e00000, 0x00000000d2e00000| Complete 
|  47|0x00000000d2f00000, 0x00000000d3000000, 0x00000000d3000000|100%| E|CS|TAMS 0x00000000d2f00000, 0x00000000d2f00000| Complete 

Card table byte_map: [0x000001ecb4ad0000,0x000001ecb4c50000] _byte_map_base: 0x000001ecb4450000

Marking Bits (Prev, Next): (CMBitMap*) 0x000001ec9dea8610, (CMBitMap*) 0x000001ec9dea8650
 Prev Bits: [0x000001ecb4dd0000, 0x000001ecb59d0000)
 Next Bits: [0x000001ecb59d0000, 0x000001ecb65d0000)

Polling page: 0x000001ec9d5f0000

Metaspace:

Usage:
  Non-class:     13.89 MB used.
      Class:      2.19 MB used.
       Both:     16.07 MB used.

Virtual space:
  Non-class space:       64.00 MB reserved,      14.00 MB ( 22%) committed,  1 nodes.
      Class space:        1.00 GB reserved,       2.31 MB ( <1%) committed,  1 nodes.
             Both:        1.06 GB reserved,      16.31 MB (  1%) committed. 

Chunk freelists:
   Non-Class:  1.64 MB
       Class:  13.64 MB
        Both:  15.28 MB

MaxMetaspaceSize: unlimited
CompressedClassSpaceSize: 1.00 GB
Initial GC threshold: 21.00 MB
Current GC threshold: 21.00 MB
CDS: on
MetaspaceReclaimPolicy: balanced
 - commit_granule_bytes: 65536.
 - commit_granule_words: 8192.
 - virtual_space_node_default_size: 8388608.
 - enlarge_chunks_in_place: 1.
 - new_chunks_are_fully_committed: 0.
 - uncommit_free_chunks: 1.
 - use_allocation_guard: 0.
 - handle_deallocations: 1.


Internal statistics:

num_allocs_failed_limit: 0.
num_arena_births: 220.
num_arena_deaths: 0.
num_vsnodes_births: 2.
num_vsnodes_deaths: 0.
num_space_committed: 261.
num_space_uncommitted: 0.
num_chunks_returned_to_freelist: 0.
num_chunks_taken_from_freelist: 748.
num_chunk_merges: 0.
num_chunk_splits: 524.
num_chunks_enlarged: 416.
num_inconsistent_stats: 0.

CodeHeap 'non-profiled nmethods': size=120000Kb used=1714Kb max_used=1714Kb free=118285Kb
 bounds [0x000001ecad420000, 0x000001ecad690000, 0x000001ecb4950000]
CodeHeap 'profiled nmethods': size=120000Kb used=8255Kb max_used=8255Kb free=111745Kb
 bounds [0x000001eca5950000, 0x000001eca6160000, 0x000001ecace80000]
CodeHeap 'non-nmethods': size=5760Kb used=1426Kb max_used=1459Kb free=4333Kb
 bounds [0x000001ecace80000, 0x000001ecad0f0000, 0x000001ecad420000]
 total_blobs=4797 nmethods=4004 adapters=704
 compilation: enabled
              stopped_count=0, restarted_count=0
 full_count=0

Compilation events (20 events):
Event: 53.918 Thread 0x000001ecb8b88870 3997       3       com.sun.javafx.tk.quantum.GlassScene::getCurrentPaint (95 bytes)
Event: 53.919 Thread 0x000001ecb8b88870 nmethod 3997 0x000001eca615b790 code [0x000001eca615b9a0, 0x000001eca615c078]
Event: 53.926 Thread 0x000001ecb8b88870 3998       3       javafx.scene.layout.HBox$$Lambda$278/0x000001ecba1db3a8::call (8 bytes)
Event: 53.927 Thread 0x000001ecb8b88870 nmethod 3998 0x000001eca615c210 code [0x000001eca615c400, 0x000001eca615ca68]
Event: 53.927 Thread 0x000001ecb8b88870 4000       3       javafx.scene.control.skin.LabeledSkinBase::computeMinHeight (13 bytes)
Event: 53.927 Thread 0x000001ecb8b721c0 4001       4       jdk.internal.icu.text.BidiBase::DirPropFlag (4 bytes)
Event: 53.927 Thread 0x000001ecb8b88870 nmethod 4000 0x000001eca615cc90 code [0x000001eca615ce20, 0x000001eca615cf68]
Event: 53.927 Thread 0x000001ecb8b88870 3999       3       javafx.scene.layout.HBox::lambda$static$0 (5 bytes)
Event: 53.927 Thread 0x000001ecb8b721c0 nmethod 4001 0x000001ecad5ca510 code [0x000001ecad5ca680, 0x000001ecad5ca6d8]
Event: 53.928 Thread 0x000001ecb8b88870 nmethod 3999 0x000001eca615d010 code [0x000001eca615d240, 0x000001eca615dcf8]
Event: 53.928 Thread 0x000001ecb8b88870 4002       3       com.sun.javafx.text.PrismTextLayout::isSimpleLayout (51 bytes)
Event: 53.929 Thread 0x000001ecb8b88870 nmethod 4002 0x000001eca615e010 code [0x000001eca615e1a0, 0x000001eca615e418]
Event: 53.929 Thread 0x000001ecb8b88870 4003       3       javafx.scene.layout.HBox::getHgrow (10 bytes)
Event: 53.930 Thread 0x000001ecb8b88870 nmethod 4003 0x000001eca615e490 code [0x000001eca615e6c0, 0x000001eca615f118]
Event: 58.553 Thread 0x000001ecb8b88870 4004       3       com.sun.javafx.collections.VetoableListDecorator$VetoableIteratorDecorator::next (31 bytes)
Event: 58.556 Thread 0x000001ecb8b88870 nmethod 4004 0x000001eca615f410 code [0x000001eca615f5e0, 0x000001eca615f9f8]
Event: 87.462 Thread 0x000001ecb8b721c0 4005       4       com.sun.javafx.tk.quantum.QuantumToolkit::postPulse (133 bytes)
Event: 87.553 Thread 0x000001ecb8b721c0 nmethod 4005 0x000001ecad5ca810 code [0x000001ecad5caa00, 0x000001ecad5cbd48]
Event: 90.569 Thread 0x000001ecb8b721c0 4006       4       com.sun.javafx.tk.quantum.QuantumToolkit$$Lambda$88/0x000001ecba037c40::run (8 bytes)
Event: 90.571 Thread 0x000001ecb8b721c0 nmethod 4006 0x000001ecad5cc710 code [0x000001ecad5cc8a0, 0x000001ecad5cc998]

GC Heap History (6 events):
Event: 2.819 GC heap before
{Heap before GC invocations=0 (full 0):
 garbage-first heap   total 49152K, used 13312K [0x00000000d0000000, 0x0000000100000000)
  region size 1024K, 13 young (13312K), 0 survivors (0K)
 Metaspace       used 2917K, committed 3136K, reserved 1114112K
  class space    used 308K, committed 384K, reserved 1048576K
}
Event: 2.833 GC heap after
{Heap after GC invocations=1 (full 0):
 garbage-first heap   total 49152K, used 1792K [0x00000000d0000000, 0x0000000100000000)
  region size 1024K, 2 young (2048K), 2 survivors (2048K)
 Metaspace       used 2917K, committed 3136K, reserved 1114112K
  class space    used 308K, committed 384K, reserved 1048576K
}
Event: 5.172 GC heap before
{Heap before GC invocations=1 (full 0):
 garbage-first heap   total 49152K, used 18176K [0x00000000d0000000, 0x0000000100000000)
  region size 1024K, 19 young (19456K), 2 survivors (2048K)
 Metaspace       used 7961K, committed 8128K, reserved 1114112K
  class space    used 1023K, committed 1088K, reserved 1048576K
}
Event: 5.185 GC heap after
{Heap after GC invocations=2 (full 0):
 garbage-first heap   total 49152K, used 3905K [0x00000000d0000000, 0x0000000100000000)
  region size 1024K, 3 young (3072K), 3 survivors (3072K)
 Metaspace       used 7961K, committed 8128K, reserved 1114112K
  class space    used 1023K, committed 1088K, reserved 1048576K
}
Event: 18.377 GC heap before
{Heap before GC invocations=2 (full 0):
 garbage-first heap   total 49152K, used 36673K [0x00000000d0000000, 0x0000000100000000)
  region size 1024K, 28 young (28672K), 3 survivors (3072K)
 Metaspace       used 14654K, committed 14912K, reserved 1114112K
  class space    used 2123K, committed 2240K, reserved 1048576K
}
Event: 18.395 GC heap after
{Heap after GC invocations=3 (full 0):
 garbage-first heap   total 49152K, used 9398K [0x00000000d0000000, 0x0000000100000000)
  region size 1024K, 4 young (4096K), 4 survivors (4096K)
 Metaspace       used 14654K, committed 14912K, reserved 1114112K
  class space    used 2123K, committed 2240K, reserved 1048576K
}

Dll operation events (20 events):
Event: 1.486 Loaded shared library C:\Users\ryanwallace\.openjfx\cache\17.0.6\api-ms-win-crt-locale-l1-1-0.dll
Event: 1.500 Loaded shared library C:\Users\ryanwallace\.openjfx\cache\17.0.6\api-ms-win-crt-math-l1-1-0.dll
Event: 1.525 Loaded shared library C:\Users\ryanwallace\.openjfx\cache\17.0.6\api-ms-win-crt-multibyte-l1-1-0.dll
Event: 1.536 Loaded shared library C:\Users\ryanwallace\.openjfx\cache\17.0.6\api-ms-win-crt-private-l1-1-0.dll
Event: 1.544 Loaded shared library C:\Users\ryanwallace\.openjfx\cache\17.0.6\api-ms-win-crt-process-l1-1-0.dll
Event: 1.552 Loaded shared library C:\Users\ryanwallace\.openjfx\cache\17.0.6\api-ms-win-crt-runtime-l1-1-0.dll
Event: 1.556 Loaded shared library C:\Users\ryanwallace\.openjfx\cache\17.0.6\api-ms-win-crt-stdio-l1-1-0.dll
Event: 1.560 Loaded shared library C:\Users\ryanwallace\.openjfx\cache\17.0.6\api-ms-win-crt-string-l1-1-0.dll
Event: 1.567 Loaded shared library C:\Users\ryanwallace\.openjfx\cache\17.0.6\api-ms-win-crt-time-l1-1-0.dll
Event: 1.575 Loaded shared library C:\Users\ryanwallace\.openjfx\cache\17.0.6\api-ms-win-crt-utility-l1-1-0.dll
Event: 1.699 Loaded shared library C:\Users\ryanwallace\.openjfx\cache\17.0.6\ucrtbase.dll
Event: 1.806 Loaded shared library C:\Users\ryanwallace\.openjfx\cache\17.0.6\vcruntime140.dll
Event: 1.819 Loaded shared library C:\Users\ryanwallace\.openjfx\cache\17.0.6\vcruntime140_1.dll
Event: 1.894 Loaded shared library C:\Users\ryanwallace\.openjfx\cache\17.0.6\msvcp140.dll
Event: 1.914 Loaded shared library C:\Users\ryanwallace\.openjfx\cache\17.0.6\msvcp140_1.dll
Event: 1.947 Loaded shared library C:\Users\ryanwallace\.openjfx\cache\17.0.6\msvcp140_2.dll
Event: 3.126 Loaded shared library C:\Users\ryanwallace\.openjfx\cache\17.0.6\prism_d3d.dll
Event: 4.038 Loaded shared library C:\Users\ryanwallace\.jdks\corretto-17.0.11\bin\jimage.dll
Event: 4.341 Loaded shared library C:\Users\ryanwallace\.openjfx\cache\17.0.6\glass.dll
Event: 4.891 Loaded shared library C:\Users\ryanwallace\.openjfx\cache\17.0.6\javafx_font.dll

Deoptimization events (20 events):
Event: 53.894 Thread 0x000001ecfeda78c0 Uncommon trap: trap_request=0xffffffbe fr.pc=0x000001ecad5af960 relative=0x0000000000000380
Event: 53.894 Thread 0x000001ecfeda78c0 Uncommon trap: reason=profile_predicate action=maybe_recompile pc=0x000001ecad5af960 method=javafx.css.CompoundSelector.applies(Ljavafx/css/Styleable;[Ljava/util/Set;I)Z @ 89 c2
Event: 53.894 Thread 0x000001ecfeda78c0 DEOPT PACKING pc=0x000001ecad5af960 sp=0x000000242b5f8220
Event: 53.894 Thread 0x000001ecfeda78c0 DEOPT UNPACKING pc=0x000001ecaced699d sp=0x000000242b5f81b0 mode 2
Event: 53.931 Thread 0x000001ecfeda78c0 Uncommon trap: trap_request=0xffffff45 fr.pc=0x000001ecad57e458 relative=0x0000000000000bb8
Event: 53.931 Thread 0x000001ecfeda78c0 Uncommon trap: reason=unstable_if action=reinterpret pc=0x000001ecad57e458 method=javafx.scene.Parent.getOrderedChildren()Ljava/util/List; @ 7 c2
Event: 53.931 Thread 0x000001ecfeda78c0 DEOPT PACKING pc=0x000001ecad57e458 sp=0x000000242b5f74e0
Event: 53.931 Thread 0x000001ecfeda78c0 DEOPT UNPACKING pc=0x000001ecaced699d sp=0x000000242b5f7200 mode 2
Event: 53.933 Thread 0x000001ecfeda78c0 Uncommon trap: trap_request=0xffffff45 fr.pc=0x000001ecad580ae8 relative=0x0000000000000b68
Event: 53.933 Thread 0x000001ecfeda78c0 Uncommon trap: reason=unstable_if action=reinterpret pc=0x000001ecad580ae8 method=javafx.scene.Parent.getOrderedChildren()Ljava/util/List; @ 7 c2
Event: 53.933 Thread 0x000001ecfeda78c0 DEOPT PACKING pc=0x000001ecad580ae8 sp=0x000000242b5f6d90
Event: 53.933 Thread 0x000001ecfeda78c0 DEOPT UNPACKING pc=0x000001ecaced699d sp=0x000000242b5f6ba0 mode 2
Event: 104.695 Thread 0x000001ec802ede10 Uncommon trap: trap_request=0xffffff45 fr.pc=0x000001ecad5c88b8 relative=0x0000000000000138
Event: 104.695 Thread 0x000001ec802ede10 Uncommon trap: reason=unstable_if action=reinterpret pc=0x000001ecad5c88b8 method=java.util.concurrent.locks.ReentrantLock$NonfairSync.initialTryLock()Z @ 10 c2
Event: 104.695 Thread 0x000001ec802ede10 DEOPT PACKING pc=0x000001ecad5c88b8 sp=0x0000002429aff2a0
Event: 104.695 Thread 0x000001ec802ede10 DEOPT UNPACKING pc=0x000001ecaced699d sp=0x0000002429aff248 mode 2
Event: 104.695 Thread 0x000001ec802ede10 Uncommon trap: trap_request=0xffffff45 fr.pc=0x000001ecad5c8c44 relative=0x0000000000000124
Event: 104.695 Thread 0x000001ec802ede10 Uncommon trap: reason=unstable_if action=reinterpret pc=0x000001ecad5c8c44 method=java.util.concurrent.locks.ReentrantLock$Sync.tryRelease(I)Z @ 26 c2
Event: 104.696 Thread 0x000001ec802ede10 DEOPT PACKING pc=0x000001ecad5c8c44 sp=0x0000002429aff2e0
Event: 104.696 Thread 0x000001ec802ede10 DEOPT UNPACKING pc=0x000001ecaced699d sp=0x0000002429aff1d0 mode 2

Classes unloaded (0 events):
No events

Classes redefined (0 events):
No events

Internal exceptions (20 events):
Event: 12.170 Thread 0x000001ecfeda78c0 Exception <a 'java/lang/NoSuchMethodError'{0x00000000d1fceb18}: 'long java.lang.invoke.DirectMethodHandle$Holder.invokeStatic(java.lang.Object, java.lang.Object, java.lang.Object)'> (0x00000000d1fceb18) 
thrown [s\src\hotspot\share\interpreter\linkResolver.cpp, line 759]
Event: 12.171 Thread 0x000001ecfeda78c0 Exception <a 'java/lang/NoSuchMethodError'{0x00000000d1fd22c0}: 'long java.lang.invoke.DirectMethodHandle$Holder.invokeStaticInit(java.lang.Object, java.lang.Object, java.lang.Object)'> (0x00000000d1fd22c0) 
thrown [s\src\hotspot\share\interpreter\linkResolver.cpp, line 759]
Event: 12.177 Thread 0x000001ecfeda78c0 Exception <a 'java/lang/NoSuchMethodError'{0x00000000d1fe9ec8}: 'java.lang.Object java.lang.invoke.DirectMethodHandle$Holder.newInvokeSpecial(java.lang.Object, java.lang.Object, long)'> (0x00000000d1fe9ec8) 
thrown [s\src\hotspot\share\interpreter\linkResolver.cpp, line 759]
Event: 12.177 Thread 0x000001ecfeda78c0 Exception <a 'java/lang/NoSuchMethodError'{0x00000000d1feda38}: 'java.lang.Object java.lang.invoke.Invokers$Holder.linkToTargetMethod(java.lang.Object, long, java.lang.Object)'> (0x00000000d1feda38) 
thrown [s\src\hotspot\share\interpreter\linkResolver.cpp, line 759]
Event: 14.986 Thread 0x000001ecfeda78c0 Exception <a 'java/lang/ClassNotFoundException'{0x00000000d19b43c0}: com/sun/javafx/scene/control/skin/resources/controls> (0x00000000d19b43c0) 
thrown [s\src\hotspot\share\prims\jni.cpp, line 535]
Event: 14.990 Thread 0x000001ecfeda78c0 Exception <a 'java/lang/ClassNotFoundException'{0x00000000d19c2348}: com/sun/javafx/scene/control/skin/resources/controls_en> (0x00000000d19c2348) 
thrown [s\src\hotspot\share\prims\jni.cpp, line 535]
Event: 14.991 Thread 0x000001ecfeda78c0 Exception <a 'java/lang/ClassNotFoundException'{0x00000000d19c32c8}: com/sun/javafx/scene/control/skin/resources/controls_en_US> (0x00000000d19c32c8) 
thrown [s\src\hotspot\share\prims\jni.cpp, line 535]
Event: 15.050 Thread 0x000001ecfeda78c0 Exception <a 'java/lang/NoSuchMethodError'{0x00000000d1735820}: 'void java.lang.invoke.DirectMethodHandle$Holder.invokeSpecial(java.lang.Object, java.lang.Object, java.lang.Object, java.lang.Object, java.lang.Object, java.lang.Object)'> (0x00000000d1735820) 
thrown [s\src\hotspot\share\interpreter\linkResolver.cpp, line 759]
Event: 18.330 Thread 0x000001ecfeda78c0 Exception <a 'java/lang/NoSuchMethodError'{0x00000000d14ee310}: 'java.lang.Object java.lang.invoke.DirectMethodHandle$Holder.invokeStaticInit(java.lang.Object, int, int, int, int)'> (0x00000000d14ee310) 
thrown [s\src\hotspot\share\interpreter\linkResolver.cpp, line 759]
Event: 18.402 Thread 0x000001ecfeda78c0 Exception <a 'java/lang/NoSuchMethodError'{0x00000000d2f02618}: 'java.lang.Object java.lang.invoke.DirectMethodHandle$Holder.invokeStaticInit(java.lang.Object, java.lang.Object, int, int, int, int)'> (0x00000000d2f02618) 
thrown [s\src\hotspot\share\interpreter\linkResolver.cpp, line 759]
Event: 18.412 Thread 0x000001ecfeda78c0 Exception <a 'java/lang/NoSuchMethodError'{0x00000000d2f174c8}: 'java.lang.Object java.lang.invoke.DirectMethodHandle$Holder.newInvokeSpecial(java.lang.Object, java.lang.Object, java.lang.Object, java.lang.Object, java.lang.Object, java.lang.Object, java.lang.Object, java.lang.Object, java.lang.Object)'> (0x00000000d2f174c8) 
thrown [s\src\hotspot\share\interpreter\linkResolver.cpp, line 759]
Event: 18.413 Thread 0x000001ecfeda78c0 Exception <a 'java/lang/NoSuchMethodError'{0x00000000d2f1c928}: 'java.lang.Object java.lang.invoke.DirectMethodHandle$Holder.invokeSpecial(java.lang.Object, java.lang.Object, java.lang.Object, java.lang.Object, java.lang.Object, java.lang.Object, java.lang.Object, java.lang.Object, java.lang.Object, java.lang.Object)'> (0x00000000d2f1c928) 
thrown [s\src\hotspot\share\interpreter\linkResolver.cpp, line 759]
Event: 18.414 Thread 0x000001ecfeda78c0 Exception <a 'java/lang/NoSuchMethodError'{0x00000000d2f21198}: 'java.lang.Object java.lang.invoke.Invokers$Holder.linkToTargetMethod(java.lang.Object, java.lang.Object, java.lang.Object, java.lang.Object, java.lang.Object, java.lang.Object, java.lang.Object, java.lang.Object, java.lang.Object)'> (0x00000000d2f21198) 
thrown [s\src\hotspot\share\interpreter\linkResolver.cpp, line 759]
Event: 25.554 Thread 0x000001ecfeda78c0 Exception <a 'java/lang/NoSuchMethodError'{0x00000000d2bad858}: 'java.lang.Object java.lang.invoke.DirectMethodHandle$Holder.newInvokeSpecial(java.lang.Object, java.lang.Object, java.lang.Object, java.lang.Object, java.lang.Object, java.lang.Object, java.lang.Object, java.lang.Object)'> (0x00000000d2bad858) 
thrown [s\src\hotspot\share\interpreter\linkResolver.cpp, line 759]
Event: 25.556 Thread 0x000001ecfeda78c0 Exception <a 'java/lang/NoSuchMethodError'{0x00000000d2bb2958}: 'java.lang.Object java.lang.invoke.DirectMethodHandle$Holder.invokeSpecial(java.lang.Object, java.lang.Object, java.lang.Object, java.lang.Object, java.lang.Object, java.lang.Object, java.lang.Object, java.lang.Object, java.lang.Object)'> (0x00000000d2bb2958) 
thrown [s\src\hotspot\share\interpreter\linkResolver.cpp, line 759]
Event: 25.557 Thread 0x000001ecfeda78c0 Exception <a 'java/lang/NoSuchMethodError'{0x00000000d2bb7510}: 'java.lang.Object java.lang.invoke.Invokers$Holder.linkToTargetMethod(java.lang.Object, java.lang.Object, java.lang.Object, java.lang.Object, java.lang.Object, java.lang.Object, java.lang.Object, java.lang.Object)'> (0x00000000d2bb7510) 
thrown [s\src\hotspot\share\interpreter\linkResolver.cpp, line 759]
Event: 27.458 Thread 0x000001ecfeda78c0 Exception <a 'java/lang/NoSuchMethodError'{0x00000000d2a65ae8}: 'java.lang.Object java.lang.invoke.DirectMethodHandle$Holder.newInvokeSpecial(java.lang.Object, java.lang.Object, java.lang.Object, java.lang.Object, java.lang.Object, java.lang.Object, java.lang.Object, java.lang.Object, java.lang.Object, java.lang.Object)'> (0x00000000d2a65ae8) 
thrown [s\src\hotspot\share\interpreter\linkResolver.cpp, line 759]
Event: 27.460 Thread 0x000001ecfeda78c0 Exception <a 'java/lang/NoSuchMethodError'{0x00000000d2a6aa40}: 'java.lang.Object java.lang.invoke.DirectMethodHandle$Holder.invokeSpecial(java.lang.Object, java.lang.Object, java.lang.Object, java.lang.Object, java.lang.Object, java.lang.Object, java.lang.Object, java.lang.Object, java.lang.Object, java.lang.Object, java.lang.Object)'> (0x00000000d2a6aa40) 
thrown [s\src\hotspot\share\interpreter\linkResolver.cpp, line 759]
Event: 27.461 Thread 0x000001ecfeda78c0 Exception <a 'java/lang/NoSuchMethodError'{0x00000000d2a6f748}: 'java.lang.Object java.lang.invoke.Invokers$Holder.linkToTargetMethod(java.lang.Object, java.lang.Object, java.lang.Object, java.lang.Object, java.lang.Object, java.lang.Object, java.lang.Object, java.lang.Object, java.lang.Object, java.lang.Object)'> (0x00000000d2a6f748) 
thrown [s\src\hotspot\share\interpreter\linkResolver.cpp, line 759]
Event: 38.020 Thread 0x000001ecfeda78c0 Implicit null exception at 0x000001ecad530dfc to 0x000001ecad530e6c

VM Operations (20 events):
Event: 44.500 Executing VM operation: Cleanup done
Event: 45.500 Executing VM operation: Cleanup
Event: 45.500 Executing VM operation: Cleanup done
Event: 46.501 Executing VM operation: Cleanup
Event: 46.501 Executing VM operation: Cleanup done
Event: 48.502 Executing VM operation: Cleanup
Event: 48.502 Executing VM operation: Cleanup done
Event: 49.514 Executing VM operation: Cleanup
Event: 49.515 Executing VM operation: Cleanup done
Event: 51.515 Executing VM operation: Cleanup
Event: 51.515 Executing VM operation: Cleanup done
Event: 53.516 Executing VM operation: Cleanup
Event: 53.517 Executing VM operation: Cleanup done
Event: 53.931 Executing VM operation: HandshakeAllThreads
Event: 53.934 Executing VM operation: HandshakeAllThreads done
Event: 54.935 Executing VM operation: Cleanup
Event: 54.936 Executing VM operation: Cleanup done
Event: 60.193 Executing VM operation: HandshakeAllThreads
Event: 60.193 Executing VM operation: HandshakeAllThreads done
Event: 104.701 Executing VM operation: Exit

Events (20 events):
Event: 20.231 loading class java/io/ObjectOutputStream$HandleTable
Event: 20.231 loading class java/io/ObjectOutputStream$HandleTable done
Event: 20.232 loading class java/io/ObjectOutputStream$ReplaceTable
Event: 20.232 loading class java/io/ObjectOutputStream$ReplaceTable done
Event: 20.236 loading class java/nio/charset/CharacterCodingException
Event: 20.236 loading class java/nio/charset/CharacterCodingException done
Event: 20.240 loading class java/io/FileOutputStream$1
Event: 20.240 loading class java/io/FileOutputStream$1 done
Event: 38.028 loading class java/text/StringCharacterIterator
Event: 38.031 loading class java/text/StringCharacterIterator done
Event: 38.857 loading class java/util/regex/Pattern$SliceI
Event: 38.857 loading class java/util/regex/Pattern$SliceI done
Event: 104.680 loading class jdk/internal/misc/Signal$1
Event: 104.681 loading class jdk/internal/misc/Signal$1 done
Event: 104.682 Thread 0x000001ec802ec9d0 Thread added: 0x000001ec802ec9d0
Event: 104.683 Thread 0x000001ec802ede10 Thread added: 0x000001ec802ede10
Event: 104.683 Thread 0x000001ec802ebaa0 Thread added: 0x000001ec802ebaa0
Event: 104.685 Thread 0x000001ec802ebaa0 Thread exited: 0x000001ec802ebaa0
Event: 104.700 Thread 0x000001ec802ede10 Thread exited: 0x000001ec802ede10
Event: 104.701 Thread 0x000001ecb8b6d890 Thread exited: 0x000001ecb8b6d890


Dynamic libraries:
0x00007ff612940000 - 0x00007ff61294e000 	C:\Users\ryanwallace\.jdks\corretto-17.0.11\bin\java.exe
0x00007ff909a00000 - 0x00007ff909e04000 	C:\Windows\SYSTEM32\ntdll.dll
0x00007ff906b40000 - 0x00007ff906c3e000 	C:\Windows\System32\xtajit64.dll
0x00007ff909000000 - 0x00007ff909163000 	C:\Windows\System32\KERNEL32.DLL
0x00007ff905780000 - 0x00007ff905dc1000 	C:\Windows\System32\KERNELBASE.dll
0x00007ff9049b0000 - 0x00007ff904aa6000 	C:\Windows\SYSTEM32\apphelp.dll
0x00007ff9053e0000 - 0x00007ff9055d1000 	C:\Windows\System32\ucrtbase.dll
0x00007ff8fbfd0000 - 0x00007ff8fbfe7000 	C:\Users\ryanwallace\.jdks\corretto-17.0.11\bin\jli.dll
0x00007ff8fba80000 - 0x00007ff8fba9b000 	C:\Users\ryanwallace\.jdks\corretto-17.0.11\bin\VCRUNTIME140.dll
0x00007ff9092c0000 - 0x00007ff909522000 	C:\Windows\System32\USER32.dll
0x00007ff9055e0000 - 0x00007ff90563c000 	C:\Windows\System32\win32u.dll
0x00007ff8eefb0000 - 0x00007ff8ef42a000 	C:\Windows\WinSxS\arm64_microsoft.windows.common-controls_6595b64144ccf1df_6.0.22621.2506_none_270c5a477388e244\COMCTL32.dll
0x00007ff9097c0000 - 0x00007ff90981c000 	C:\Windows\System32\GDI32.dll
0x00007ff908810000 - 0x00007ff908954000 	C:\Windows\System32\msvcrt.dll
0x00007ff904fd0000 - 0x00007ff9051bd000 	C:\Windows\System32\gdi32full.dll
0x00007ff9051c0000 - 0x00007ff905303000 	C:\Windows\System32\msvcp_win.dll
0x00007ff908680000 - 0x00007ff9086d2000 	C:\Windows\System32\IMM32.DLL
0x00007ff8ffac0000 - 0x00007ff8ffacc000 	C:\Users\ryanwallace\.jdks\corretto-17.0.11\bin\vcruntime140_1.dll
0x00007ff8f7d20000 - 0x00007ff8f7dad000 	C:\Users\ryanwallace\.jdks\corretto-17.0.11\bin\msvcp140.dll
0x00007ff89e9b0000 - 0x00007ff89f612000 	C:\Users\ryanwallace\.jdks\corretto-17.0.11\bin\server\jvm.dll
0x00007ff909180000 - 0x00007ff9092ba000 	C:\Windows\System32\ADVAPI32.dll
0x00007ff906a10000 - 0x00007ff906b37000 	C:\Windows\System32\sechost.dll
0x00007ff9067f0000 - 0x00007ff906a10000 	C:\Windows\System32\RPCRT4.dll
0x00007ff8ec6e0000 - 0x00007ff8ec6f2000 	C:\Windows\SYSTEM32\WSOCK32.dll
0x00007ff904bb0000 - 0x00007ff904c1b000 	C:\Windows\SYSTEM32\POWRPROF.dll
0x00007ff907d40000 - 0x00007ff907e04000 	C:\Windows\System32\WS2_32.dll
0x00007ff8f2e80000 - 0x00007ff8f2e95000 	C:\Windows\SYSTEM32\VERSION.dll
0x00007ff8fa6d0000 - 0x00007ff8fa72e000 	C:\Windows\SYSTEM32\WINMM.dll
0x00007ff904b80000 - 0x00007ff904ba2000 	C:\Windows\SYSTEM32\UMPDC.dll
0x00007ff903190000 - 0x00007ff9031bd000 	C:\Windows\SYSTEM32\kernel.appcore.dll
0x00007ff8fba70000 - 0x00007ff8fba7a000 	C:\Users\ryanwallace\.jdks\corretto-17.0.11\bin\jimage.dll
0x00007ff8f86f0000 - 0x00007ff8f8b0e000 	C:\Windows\SYSTEM32\DBGHELP.DLL
0x00007ff908960000 - 0x00007ff908fff000 	C:\Windows\System32\combase.dll
0x00007ff906540000 - 0x00007ff9066e1000 	C:\Windows\System32\OLEAUT32.dll
0x00007ff8f8060000 - 0x00007ff8f80bc000 	C:\Windows\SYSTEM32\dbgcore.DLL
0x00007ff905310000 - 0x00007ff9053da000 	C:\Windows\System32\bcryptPrimitives.dll
0x00007ff8fa810000 - 0x00007ff8fa81e000 	C:\Users\ryanwallace\.jdks\corretto-17.0.11\bin\instrument.dll
0x00007ff8f7cf0000 - 0x00007ff8f7d15000 	C:\Users\ryanwallace\.jdks\corretto-17.0.11\bin\java.dll
0x00007ff8e9ec0000 - 0x00007ff8e9f97000 	C:\Users\ryanwallace\.jdks\corretto-17.0.11\bin\jsvml.dll
0x00007ff906c40000 - 0x00007ff907cfa000 	C:\Windows\System32\SHELL32.dll
0x00007ff9010b0000 - 0x00007ff902421000 	C:\Windows\SYSTEM32\windows.storage.dll
0x00007ff900e30000 - 0x00007ff9010a3000 	C:\Windows\SYSTEM32\wintypes.dll
0x00007ff906340000 - 0x00007ff906533000 	C:\Windows\System32\SHCORE.dll
0x00007ff9098b0000 - 0x00007ff909957000 	C:\Windows\System32\shlwapi.dll
0x00007ff904ed0000 - 0x00007ff904f14000 	C:\Windows\SYSTEM32\profapi.dll
0x00007ff8f84f0000 - 0x00007ff8f8509000 	C:\Users\ryanwallace\.jdks\corretto-17.0.11\bin\net.dll
0x00007ff8fbb10000 - 0x00007ff8fbd1f000 	C:\Windows\SYSTEM32\WINHTTP.dll
0x00007ff903880000 - 0x00007ff903943000 	C:\Windows\system32\mswsock.dll
0x00007ff8f6d20000 - 0x00007ff8f6d36000 	C:\Users\ryanwallace\.jdks\corretto-17.0.11\bin\nio.dll
0x00007ff8f38f0000 - 0x00007ff8f3908000 	C:\Users\ryanwallace\.jdks\corretto-17.0.11\bin\zip.dll
0x00007ff8ec7d0000 - 0x00007ff8ec7ea000 	C:\Program Files\JetBrains\IntelliJ IDEA Community Edition 2024.1\bin\breakgen64.dll
0x000001ecff090000 - 0x000001ecff093000 	C:\Users\ryanwallace\.openjfx\cache\17.0.6\api-ms-win-core-console-l1-1-0.dll
0x000001ecff0a0000 - 0x000001ecff0a3000 	C:\Users\ryanwallace\.openjfx\cache\17.0.6\api-ms-win-core-console-l1-2-0.dll
0x000001ecff0b0000 - 0x000001ecff0b3000 	C:\Users\ryanwallace\.openjfx\cache\17.0.6\api-ms-win-core-datetime-l1-1-0.dll
0x000001ecff0c0000 - 0x000001ecff0c3000 	C:\Users\ryanwallace\.openjfx\cache\17.0.6\api-ms-win-core-debug-l1-1-0.dll
0x000001ecff0d0000 - 0x000001ecff0d3000 	C:\Users\ryanwallace\.openjfx\cache\17.0.6\api-ms-win-core-errorhandling-l1-1-0.dll
0x000001ecff0e0000 - 0x000001ecff0e4000 	C:\Users\ryanwallace\.openjfx\cache\17.0.6\api-ms-win-core-file-l1-1-0.dll
0x000001ecff0f0000 - 0x000001ecff0f3000 	C:\Users\ryanwallace\.openjfx\cache\17.0.6\api-ms-win-core-file-l1-2-0.dll
0x000001ecff100000 - 0x000001ecff103000 	C:\Users\ryanwallace\.openjfx\cache\17.0.6\api-ms-win-core-file-l2-1-0.dll
0x000001ecff110000 - 0x000001ecff113000 	C:\Users\ryanwallace\.openjfx\cache\17.0.6\api-ms-win-core-handle-l1-1-0.dll
0x000001ecff120000 - 0x000001ecff123000 	C:\Users\ryanwallace\.openjfx\cache\17.0.6\api-ms-win-core-heap-l1-1-0.dll
0x000001ecff130000 - 0x000001ecff133000 	C:\Users\ryanwallace\.openjfx\cache\17.0.6\api-ms-win-core-interlocked-l1-1-0.dll
0x000001ecff140000 - 0x000001ecff143000 	C:\Users\ryanwallace\.openjfx\cache\17.0.6\api-ms-win-core-libraryloader-l1-1-0.dll
0x000001ecff150000 - 0x000001ecff153000 	C:\Users\ryanwallace\.openjfx\cache\17.0.6\api-ms-win-core-localization-l1-2-0.dll
0x000001ecff160000 - 0x000001ecff163000 	C:\Users\ryanwallace\.openjfx\cache\17.0.6\api-ms-win-core-memory-l1-1-0.dll
0x000001ecff170000 - 0x000001ecff173000 	C:\Users\ryanwallace\.openjfx\cache\17.0.6\api-ms-win-core-namedpipe-l1-1-0.dll
0x000001ecff180000 - 0x000001ecff183000 	C:\Users\ryanwallace\.openjfx\cache\17.0.6\api-ms-win-core-processenvironment-l1-1-0.dll
0x000001ecff190000 - 0x000001ecff193000 	C:\Users\ryanwallace\.openjfx\cache\17.0.6\api-ms-win-core-processthreads-l1-1-0.dll
0x000001ecff1a0000 - 0x000001ecff1a3000 	C:\Users\ryanwallace\.openjfx\cache\17.0.6\api-ms-win-core-processthreads-l1-1-1.dll
0x000001ecff1b0000 - 0x000001ecff1b3000 	C:\Users\ryanwallace\.openjfx\cache\17.0.6\api-ms-win-core-profile-l1-1-0.dll
0x000001ecff1c0000 - 0x000001ecff1c3000 	C:\Users\ryanwallace\.openjfx\cache\17.0.6\api-ms-win-core-rtlsupport-l1-1-0.dll
0x000001ecff1d0000 - 0x000001ecff1d3000 	C:\Users\ryanwallace\.openjfx\cache\17.0.6\api-ms-win-core-string-l1-1-0.dll
0x000001ecff1e0000 - 0x000001ecff1e3000 	C:\Users\ryanwallace\.openjfx\cache\17.0.6\api-ms-win-core-synch-l1-1-0.dll
0x000001ecff1f0000 - 0x000001ecff1f3000 	C:\Users\ryanwallace\.openjfx\cache\17.0.6\api-ms-win-core-synch-l1-2-0.dll
0x000001ecff200000 - 0x000001ecff203000 	C:\Users\ryanwallace\.openjfx\cache\17.0.6\api-ms-win-core-sysinfo-l1-1-0.dll
0x000001ecff210000 - 0x000001ecff213000 	C:\Users\ryanwallace\.openjfx\cache\17.0.6\api-ms-win-core-timezone-l1-1-0.dll
0x000001ecff220000 - 0x000001ecff223000 	C:\Users\ryanwallace\.openjfx\cache\17.0.6\api-ms-win-core-util-l1-1-0.dll
0x000001ecff230000 - 0x000001ecff233000 	C:\Users\ryanwallace\.openjfx\cache\17.0.6\api-ms-win-crt-conio-l1-1-0.dll
0x000001ecff240000 - 0x000001ecff244000 	C:\Users\ryanwallace\.openjfx\cache\17.0.6\api-ms-win-crt-convert-l1-1-0.dll
0x000001ecff250000 - 0x000001ecff253000 	C:\Users\ryanwallace\.openjfx\cache\17.0.6\api-ms-win-crt-environment-l1-1-0.dll
0x000001ecff260000 - 0x000001ecff263000 	C:\Users\ryanwallace\.openjfx\cache\17.0.6\api-ms-win-crt-filesystem-l1-1-0.dll
0x000001ecff270000 - 0x000001ecff273000 	C:\Users\ryanwallace\.openjfx\cache\17.0.6\api-ms-win-crt-heap-l1-1-0.dll
0x000001ecff280000 - 0x000001ecff283000 	C:\Users\ryanwallace\.openjfx\cache\17.0.6\api-ms-win-crt-locale-l1-1-0.dll
0x000001ecff290000 - 0x000001ecff295000 	C:\Users\ryanwallace\.openjfx\cache\17.0.6\api-ms-win-crt-math-l1-1-0.dll
0x000001ecff2a0000 - 0x000001ecff2a5000 	C:\Users\ryanwallace\.openjfx\cache\17.0.6\api-ms-win-crt-multibyte-l1-1-0.dll
0x000001ecff2b0000 - 0x000001ecff2c0000 	C:\Users\ryanwallace\.openjfx\cache\17.0.6\api-ms-win-crt-private-l1-1-0.dll
0x000001ecff2c0000 - 0x000001ecff2c3000 	C:\Users\ryanwallace\.openjfx\cache\17.0.6\api-ms-win-crt-process-l1-1-0.dll
0x000001ecff2d0000 - 0x000001ecff2d4000 	C:\Users\ryanwallace\.openjfx\cache\17.0.6\api-ms-win-crt-runtime-l1-1-0.dll
0x000001ecff2e0000 - 0x000001ecff2e4000 	C:\Users\ryanwallace\.openjfx\cache\17.0.6\api-ms-win-crt-stdio-l1-1-0.dll
0x000001ecff2f0000 - 0x000001ecff2f4000 	C:\Users\ryanwallace\.openjfx\cache\17.0.6\api-ms-win-crt-string-l1-1-0.dll
0x000001ecff300000 - 0x000001ecff303000 	C:\Users\ryanwallace\.openjfx\cache\17.0.6\api-ms-win-crt-time-l1-1-0.dll
0x000001ecff310000 - 0x000001ecff313000 	C:\Users\ryanwallace\.openjfx\cache\17.0.6\api-ms-win-crt-utility-l1-1-0.dll
0x00007ff8e6860000 - 0x00007ff8e695c000 	C:\Users\ryanwallace\.openjfx\cache\17.0.6\ucrtbase.dll
0x00007ff8ec720000 - 0x00007ff8ec73a000 	C:\Users\ryanwallace\.openjfx\cache\17.0.6\vcruntime140.dll
0x00007ff8f83f0000 - 0x00007ff8f83fc000 	C:\Users\ryanwallace\.openjfx\cache\17.0.6\vcruntime140_1.dll
0x00007ff8e6fa0000 - 0x00007ff8e702d000 	C:\Users\ryanwallace\.openjfx\cache\17.0.6\msvcp140.dll
0x00007ff8f7ce0000 - 0x00007ff8f7ce9000 	C:\Users\ryanwallace\.openjfx\cache\17.0.6\msvcp140_1.dll
0x00007ff8ec5e0000 - 0x00007ff8ec60f000 	C:\Users\ryanwallace\.openjfx\cache\17.0.6\msvcp140_2.dll
0x00007ff8e9e90000 - 0x00007ff8e9eba000 	C:\Users\ryanwallace\.openjfx\cache\17.0.6\prism_d3d.dll
0x00007ff8c4ee0000 - 0x00007ff8c51cd000 	C:\Windows\system32\d3d9.dll
0x00007ff900570000 - 0x00007ff9005bc000 	C:\Windows\SYSTEM32\dwmapi.dll
0x00007ff8fffa0000 - 0x00007ff900014000 	C:\Windows\SYSTEM32\dxcore.dll
0x00007ff8ffdf0000 - 0x00007ff8fff21000 	C:\Windows\system32\uxtheme.dll
0x00007ff8e62d0000 - 0x00007ff8e638b000 	C:\Windows\SYSTEM32\prl_umdd.dll
0x00007ff8f8360000 - 0x00007ff8f83ec000 	C:\Windows\SYSTEM32\directxdatabasehelper.dll
0x00007ff8e9e40000 - 0x00007ff8e9e82000 	C:\Users\ryanwallace\.openjfx\cache\17.0.6\glass.dll
0x00007ff905dd0000 - 0x00007ff905f98000 	C:\Windows\System32\COMDLG32.dll
0x00007ff905fa0000 - 0x00007ff906255000 	C:\Windows\System32\ole32.dll
0x00007ff9066f0000 - 0x00007ff9067d2000 	C:\Windows\System32\coml2.dll
0x00007ff909550000 - 0x00007ff9097c0000 	C:\Windows\System32\MSCTF.dll
0x00007ff8ec700000 - 0x00007ff8ec714000 	C:\Users\ryanwallace\.openjfx\cache\17.0.6\javafx_font.dll
0x00007ff8fd7d0000 - 0x00007ff8fdc49000 	C:\Windows\SYSTEM32\dwrite.dll
0x00007ff9086e0000 - 0x00007ff908810000 	C:\Windows\System32\clbcatq.dll
0x00007ff8fd4c0000 - 0x00007ff8fd7c1000 	C:\Windows\SYSTEM32\WindowsCodecs.dll
0x00007ff8e16a0000 - 0x00007ff8e1765000 	C:\Windows\system32\dataexchange.dll
0x00007ff8f5a50000 - 0x00007ff8f5f9b000 	C:\Windows\system32\twinapi.appcore.dll
0x00007ff8e67f0000 - 0x00007ff8e6854000 	C:\Program Files\Common Files\Microsoft Shared\Ink\rtscom.dll
0x00007ff8e7f40000 - 0x00007ff8e81c7000 	C:\Windows\SYSTEM32\textinputframework.dll
0x00007ff8f7f30000 - 0x00007ff8f7fc3000 	C:\Windows\system32\ApplicationTargetedFeatureDatabase.dll
0x00007ff8ff570000 - 0x00007ff8ff82a000 	C:\Windows\SYSTEM32\CoreMessaging.dll
0x00007ff8f9170000 - 0x00007ff8f983f000 	C:\Windows\SYSTEM32\CoreUIComponents.dll
0x00007ff903d80000 - 0x00007ff903d94000 	C:\Windows\SYSTEM32\CRYPTBASE.DLL
0x00007ff903d40000 - 0x00007ff903d72000 	C:\Windows\SYSTEM32\CRYPTSP.dll
0x00007ff9030c0000 - 0x00007ff903123000 	C:\Windows\system32\rsaenh.dll
0x00007ff903a20000 - 0x00007ff903a75000 	C:\Windows\SYSTEM32\USERENV.dll
0x00007ff904070000 - 0x00007ff9040bb000 	C:\Windows\SYSTEM32\bcrypt.dll
0x00007ff9028d0000 - 0x00007ff902923000 	C:\Windows\SYSTEM32\IPHLPAPI.DLL
0x00007ff9067e0000 - 0x00007ff9067f0000 	C:\Windows\System32\NSI.dll

dbghelp: loaded successfully - version: 4.0.5 - missing functions: none
symbol engine: initialized successfully - sym options: 0x614 - pdb path: .;C:\Users\ryanwallace\.jdks\corretto-17.0.11\bin;C:\Windows\SYSTEM32;C:\Windows\WinSxS\arm64_microsoft.windows.common-controls_6595b64144ccf1df_6.0.22621.2506_none_270c5a477388e244;C:\Users\ryanwallace\.jdks\corretto-17.0.11\bin\server;C:\Program Files\JetBrains\IntelliJ IDEA Community Edition 2024.1\bin;C:\Users\ryanwallace\.openjfx\cache\17.0.6;C:\Program Files\Common Files\Microsoft Shared\Ink

VM Arguments:
jvm_args: -javaagent:C:\Program Files\JetBrains\IntelliJ IDEA Community Edition 2024.1\lib\idea_rt.jar=53440:C:\Program Files\JetBrains\IntelliJ IDEA Community Edition 2024.1\bin -Dfile.encoding=UTF-8 --module-path=C:\Users\ryanwallace\IdeaProjects\CAB302Java\target\classes;C:\Users\ryanwallace\.m2\repository\org\openjfx\javafx-base\17.0.6\javafx-base-17.0.6-win.jar;C:\Users\ryanwallace\.m2\repository\org\openjfx\javafx-controls\17.0.6\javafx-controls-17.0.6-win.jar;C:\Users\ryanwallace\.m2\repository\org\openjfx\javafx-graphics\17.0.6\javafx-graphics-17.0.6-win.jar;C:\Users\ryanwallace\.m2\repository\org\openjfx\javafx-fxml\17.0.6\javafx-fxml-17.0.6-win.jar -Djdk.module.main=com.example.cab302javaproject 
java_command: com.example.cab302javaproject/com.example.cab302javaproject.LifestyleCalendar
java_class_path (initial): C:\Users\ryanwallace\.m2\repository\org\openjfx\javafx-controls\17.0.6\javafx-controls-17.0.6.jar;C:\Users\ryanwallace\.m2\repository\org\openjfx\javafx-graphics\17.0.6\javafx-graphics-17.0.6.jar;C:\Users\ryanwallace\.m2\repository\org\openjfx\javafx-base\17.0.6\javafx-base-17.0.6.jar;C:\Users\ryanwallace\.m2\repository\org\openjfx\javafx-fxml\17.0.6\javafx-fxml-17.0.6.jar
Launcher Type: SUN_STANDARD

[Global flags]
     intx CICompilerCount                          = 3                                         {product} {ergonomic}
     uint ConcGCThreads                            = 1                                         {product} {ergonomic}
     uint G1ConcRefinementThreads                  = 4                                         {product} {ergonomic}
   size_t G1HeapRegionSize                         = 1048576                                   {product} {ergonomic}
    uintx GCDrainStackTargetSize                   = 64                                        {product} {ergonomic}
   size_t InitialHeapSize                          = 50331648                                  {product} {ergonomic}
   size_t MarkStackSize                            = 4194304                                   {product} {ergonomic}
   size_t MaxHeapSize                              = 805306368                                 {product} {ergonomic}
   size_t MaxNewSize                               = 482344960                                 {product} {ergonomic}
   size_t MinHeapDeltaBytes                        = 1048576                                   {product} {ergonomic}
   size_t MinHeapSize                              = 8388608                                   {product} {ergonomic}
    uintx NonNMethodCodeHeapSize                   = 5832780                                {pd product} {ergonomic}
    uintx NonProfiledCodeHeapSize                  = 122912730                              {pd product} {ergonomic}
    uintx ProfiledCodeHeapSize                     = 122912730                              {pd product} {ergonomic}
    uintx ReservedCodeCacheSize                    = 251658240                              {pd product} {ergonomic}
     bool SegmentedCodeCache                       = true                                      {product} {ergonomic}
   size_t SoftMaxHeapSize                          = 805306368                              {manageable} {ergonomic}
     bool UseCompressedClassPointers               = true                           {product lp64_product} {ergonomic}
     bool UseCompressedOops                        = true                           {product lp64_product} {ergonomic}
     bool UseG1GC                                  = true                                      {product} {ergonomic}
     bool UseLargePagesIndividualAllocation        = false                                  {pd product} {ergonomic}

Logging:
Log output configuration:
 #0: stdout all=off uptime,level,tags
 #1: stderr all=off uptime,level,tags

Environment Variables:
PATH=C:\Program Files\Parallels\Parallels Tools\Applications;C:\Windows\system32;C:\Windows;C:\Windows\System32\Wbem;C:\Windows\System32\WindowsPowerShell\v1.0\;C:\Windows\System32\OpenSSH\;C:\Program Files\Git\cmd;C:\Users\ryanwallace\AppData\Local\Microsoft\WindowsApps;
USERNAME=ryanwallace
OS=Windows_NT
PROCESSOR_IDENTIFIER=ARMv8 (64-bit) Family 8 Model 0 Revision   0,  
TMP=C:\Users\RYANWA~1\AppData\Local\Temp
TEMP=C:\Users\RYANWA~1\AppData\Local\Temp



Periodic native trim disabled


---------------  S Y S T E M  ---------------

OS:
 Windows 11 , 64 bit Build 22621 (10.0.22621.2506)
OS uptime: 3 days 16:47 hours

CPU: total 4 (initial active 4) (4 cores per cpu, 1 threads per core) family 15 model 4 stepping 10 microcode 0x0, cx8, cmov, fxsr, mmx, 3dnowpref, sse, sse2, sse3, ssse3, sse4.1, sse4.2, popcnt, tsc, tscinvbit, aes, clmul, clflush
Processor Information for all 4 processors :
  Max Mhz: 3200, Current Mhz: 3200, Mhz Limit: 3200

Memory: 4k page, system-wide physical 3066M (181M free)
TotalPageFile size 5561M (AvailPageFile size 1128M)
current process WorkingSet (physical memory assigned to process): 210M, peak: 212M
current process commit charge ("private bytes"): 249M, peak: 255M

vm_info: OpenJDK 64-Bit Server VM (17.0.11+9-LTS) for windows-amd64 JRE (17.0.11+9-LTS), built on Apr 10 2024 22:12:24 by "Administrator" with MS VC++ 16.10 / 16.11 (VS2019)

END.
